{"C:\\Users\\Quy\\Desktop\\AlojoBooking\\AdministrativeBoundaries\\server\\controllers\\communeController.js": {"path":"C:\\Users\\Quy\\Desktop\\AlojoBooking\\AdministrativeBoundaries\\server\\controllers\\communeController.js","statementMap":{"0":{"start":{"line":7,"column":19},"end":{"line":7,"column":49}},"1":{"start":{"line":8,"column":18},"end":{"line":8,"column":42}},"2":{"start":{"line":9,"column":17},"end":{"line":9,"column":69}},"3":{"start":{"line":12,"column":2},"end":{"line":120,"column":3}},"4":{"start":{"line":13,"column":27},"end":{"line":13,"column":37}},"5":{"start":{"line":16,"column":19},"end":{"line":16,"column":21}},"6":{"start":{"line":17,"column":4},"end":{"line":58,"column":5}},"7":{"start":{"line":19,"column":23},"end":{"line":19,"column":82}},"8":{"start":{"line":21,"column":6},"end":{"line":52,"column":7}},"9":{"start":{"line":23,"column":8},"end":{"line":27,"column":18}},"10":{"start":{"line":30,"column":8},"end":{"line":38,"column":9}},"11":{"start":{"line":31,"column":28},"end":{"line":31,"column":97}},"12":{"start":{"line":32,"column":32},"end":{"line":32,"column":60}},"13":{"start":{"line":32,"column":53},"end":{"line":32,"column":59}},"14":{"start":{"line":33,"column":10},"end":{"line":37,"column":20}},"15":{"start":{"line":41,"column":24},"end":{"line":45,"column":10}},"16":{"start":{"line":46,"column":8},"end":{"line":51,"column":9}},"17":{"start":{"line":48,"column":10},"end":{"line":48,"column":31}},"18":{"start":{"line":50,"column":10},"end":{"line":50,"column":82}},"19":{"start":{"line":54,"column":6},"end":{"line":57,"column":16}},"20":{"start":{"line":60,"column":4},"end":{"line":63,"column":5}},"21":{"start":{"line":61,"column":6},"end":{"line":61,"column":52}},"22":{"start":{"line":62,"column":6},"end":{"line":62,"column":32}},"23":{"start":{"line":66,"column":4},"end":{"line":66,"column":62}},"24":{"start":{"line":67,"column":20},"end":{"line":67,"column":53}},"25":{"start":{"line":68,"column":22},"end":{"line":68,"column":41}},"26":{"start":{"line":70,"column":4},"end":{"line":97,"column":5}},"27":{"start":{"line":71,"column":23},"end":{"line":71,"column":67}},"28":{"start":{"line":71,"column":45},"end":{"line":71,"column":66}},"29":{"start":{"line":72,"column":6},"end":{"line":72,"column":82}},"30":{"start":{"line":72,"column":21},"end":{"line":72,"column":82}},"31":{"start":{"line":74,"column":24},"end":{"line":74,"column":26}},"32":{"start":{"line":76,"column":6},"end":{"line":78,"column":7}},"33":{"start":{"line":77,"column":8},"end":{"line":77,"column":47}},"34":{"start":{"line":80,"column":6},"end":{"line":82,"column":9}},"35":{"start":{"line":81,"column":8},"end":{"line":81,"column":48}},"36":{"start":{"line":83,"column":6},"end":{"line":83,"column":35}},"37":{"start":{"line":85,"column":24},"end":{"line":85,"column":26}},"38":{"start":{"line":86,"column":6},"end":{"line":95,"column":9}},"39":{"start":{"line":88,"column":8},"end":{"line":90,"column":9}},"40":{"start":{"line":89,"column":10},"end":{"line":89,"column":42}},"41":{"start":{"line":92,"column":8},"end":{"line":94,"column":11}},"42":{"start":{"line":93,"column":10},"end":{"line":93,"column":50}},"43":{"start":{"line":96,"column":6},"end":{"line":96,"column":35}},"44":{"start":{"line":99,"column":4},"end":{"line":99,"column":66}},"45":{"start":{"line":100,"column":4},"end":{"line":119,"column":5}},"46":{"start":{"line":101,"column":22},"end":{"line":101,"column":55}},"47":{"start":{"line":102,"column":24},"end":{"line":102,"column":43}},"48":{"start":{"line":104,"column":24},"end":{"line":104,"column":26}},"49":{"start":{"line":105,"column":6},"end":{"line":114,"column":9}},"50":{"start":{"line":107,"column":8},"end":{"line":109,"column":9}},"51":{"start":{"line":108,"column":10},"end":{"line":108,"column":42}},"52":{"start":{"line":111,"column":8},"end":{"line":113,"column":11}},"53":{"start":{"line":112,"column":10},"end":{"line":112,"column":50}},"54":{"start":{"line":115,"column":6},"end":{"line":115,"column":35}},"55":{"start":{"line":117,"column":6},"end":{"line":117,"column":56}},"56":{"start":{"line":118,"column":6},"end":{"line":118,"column":72}},"57":{"start":{"line":124,"column":2},"end":{"line":170,"column":3}},"58":{"start":{"line":125,"column":4},"end":{"line":125,"column":68}},"59":{"start":{"line":127,"column":28},"end":{"line":127,"column":38}},"60":{"start":{"line":128,"column":63},"end":{"line":128,"column":71}},"61":{"start":{"line":131,"column":20},"end":{"line":131,"column":79}},"62":{"start":{"line":133,"column":4},"end":{"line":136,"column":5}},"63":{"start":{"line":134,"column":6},"end":{"line":134,"column":57}},"64":{"start":{"line":135,"column":6},"end":{"line":135,"column":66}},"65":{"start":{"line":138,"column":4},"end":{"line":138,"column":52}},"66":{"start":{"line":141,"column":23},"end":{"line":141,"column":25}},"67":{"start":{"line":142,"column":4},"end":{"line":142,"column":37}},"68":{"start":{"line":142,"column":14},"end":{"line":142,"column":37}},"69":{"start":{"line":143,"column":4},"end":{"line":143,"column":58}},"70":{"start":{"line":143,"column":21},"end":{"line":143,"column":58}},"71":{"start":{"line":144,"column":4},"end":{"line":144,"column":82}},"72":{"start":{"line":144,"column":29},"end":{"line":144,"column":82}},"73":{"start":{"line":145,"column":4},"end":{"line":145,"column":43}},"74":{"start":{"line":145,"column":16},"end":{"line":145,"column":43}},"75":{"start":{"line":147,"column":4},"end":{"line":147,"column":38}},"76":{"start":{"line":149,"column":4},"end":{"line":149,"column":47}},"77":{"start":{"line":151,"column":27},"end":{"line":155,"column":5}},"78":{"start":{"line":157,"column":4},"end":{"line":157,"column":78}},"79":{"start":{"line":158,"column":4},"end":{"line":162,"column":7}},"80":{"start":{"line":165,"column":4},"end":{"line":165,"column":52}},"81":{"start":{"line":166,"column":4},"end":{"line":169,"column":7}},"82":{"start":{"line":174,"column":2},"end":{"line":227,"column":3}},"83":{"start":{"line":175,"column":4},"end":{"line":175,"column":68}},"84":{"start":{"line":178,"column":28},"end":{"line":178,"column":38}},"85":{"start":{"line":179,"column":81},"end":{"line":179,"column":89}},"86":{"start":{"line":182,"column":29},"end":{"line":182,"column":48}},"87":{"start":{"line":185,"column":28},"end":{"line":185,"column":92}},"88":{"start":{"line":187,"column":4},"end":{"line":193,"column":5}},"89":{"start":{"line":188,"column":6},"end":{"line":188,"column":67}},"90":{"start":{"line":189,"column":6},"end":{"line":192,"column":9}},"91":{"start":{"line":195,"column":4},"end":{"line":195,"column":73}},"92":{"start":{"line":198,"column":23},"end":{"line":212,"column":6}},"93":{"start":{"line":214,"column":4},"end":{"line":214,"column":79}},"94":{"start":{"line":215,"column":4},"end":{"line":219,"column":7}},"95":{"start":{"line":222,"column":4},"end":{"line":222,"column":52}},"96":{"start":{"line":223,"column":4},"end":{"line":226,"column":7}},"97":{"start":{"line":231,"column":2},"end":{"line":365,"column":3}},"98":{"start":{"line":232,"column":4},"end":{"line":232,"column":58}},"99":{"start":{"line":234,"column":28},"end":{"line":234,"column":38}},"100":{"start":{"line":237,"column":20},"end":{"line":237,"column":79}},"101":{"start":{"line":239,"column":4},"end":{"line":245,"column":5}},"102":{"start":{"line":240,"column":6},"end":{"line":240,"column":57}},"103":{"start":{"line":241,"column":6},"end":{"line":244,"column":9}},"104":{"start":{"line":247,"column":4},"end":{"line":247,"column":80}},"105":{"start":{"line":250,"column":25},"end":{"line":272,"column":6}},"106":{"start":{"line":274,"column":4},"end":{"line":274,"column":30}},"107":{"start":{"line":275,"column":4},"end":{"line":275,"column":72}},"108":{"start":{"line":278,"column":24},"end":{"line":278,"column":71}},"109":{"start":{"line":279,"column":22},"end":{"line":279,"column":24}},"110":{"start":{"line":281,"column":4},"end":{"line":288,"column":5}},"111":{"start":{"line":282,"column":30},"end":{"line":282,"column":66}},"112":{"start":{"line":283,"column":6},"end":{"line":285,"column":7}},"113":{"start":{"line":284,"column":8},"end":{"line":284,"column":50}},"114":{"start":{"line":287,"column":6},"end":{"line":287,"column":50}},"115":{"start":{"line":290,"column":29},"end":{"line":309,"column":5}},"116":{"start":{"line":311,"column":4},"end":{"line":311,"column":39}},"117":{"start":{"line":312,"column":4},"end":{"line":312,"column":72}},"118":{"start":{"line":315,"column":28},"end":{"line":315,"column":80}},"119":{"start":{"line":316,"column":28},"end":{"line":316,"column":80}},"120":{"start":{"line":319,"column":4},"end":{"line":330,"column":5}},"121":{"start":{"line":320,"column":6},"end":{"line":322,"column":7}},"122":{"start":{"line":321,"column":8},"end":{"line":321,"column":82}},"123":{"start":{"line":321,"column":58},"end":{"line":321,"column":80}},"124":{"start":{"line":323,"column":6},"end":{"line":329,"column":7}},"125":{"start":{"line":324,"column":8},"end":{"line":328,"column":9}},"126":{"start":{"line":325,"column":10},"end":{"line":327,"column":11}},"127":{"start":{"line":326,"column":12},"end":{"line":326,"column":86}},"128":{"start":{"line":326,"column":62},"end":{"line":326,"column":84}},"129":{"start":{"line":332,"column":4},"end":{"line":332,"column":80}},"130":{"start":{"line":335,"column":27},"end":{"line":345,"column":5}},"131":{"start":{"line":347,"column":4},"end":{"line":347,"column":88}},"132":{"start":{"line":348,"column":4},"end":{"line":357,"column":7}},"133":{"start":{"line":360,"column":4},"end":{"line":360,"column":52}},"134":{"start":{"line":361,"column":4},"end":{"line":364,"column":7}},"135":{"start":{"line":369,"column":2},"end":{"line":470,"column":3}},"136":{"start":{"line":370,"column":4},"end":{"line":370,"column":59}},"137":{"start":{"line":372,"column":28},"end":{"line":372,"column":38}},"138":{"start":{"line":375,"column":27},"end":{"line":379,"column":6}},"139":{"start":{"line":381,"column":4},"end":{"line":387,"column":5}},"140":{"start":{"line":382,"column":6},"end":{"line":382,"column":65}},"141":{"start":{"line":383,"column":6},"end":{"line":386,"column":9}},"142":{"start":{"line":389,"column":4},"end":{"line":389,"column":103}},"143":{"start":{"line":392,"column":32},"end":{"line":407,"column":6}},"144":{"start":{"line":409,"column":4},"end":{"line":409,"column":37}},"145":{"start":{"line":410,"column":4},"end":{"line":410,"column":73}},"146":{"start":{"line":413,"column":28},"end":{"line":413,"column":80}},"147":{"start":{"line":414,"column":28},"end":{"line":414,"column":80}},"148":{"start":{"line":417,"column":27},"end":{"line":417,"column":92}},"149":{"start":{"line":417,"column":53},"end":{"line":417,"column":91}},"150":{"start":{"line":418,"column":4},"end":{"line":438,"column":5}},"151":{"start":{"line":419,"column":6},"end":{"line":421,"column":7}},"152":{"start":{"line":420,"column":8},"end":{"line":420,"column":37}},"153":{"start":{"line":424,"column":30},"end":{"line":424,"column":95}},"154":{"start":{"line":424,"column":64},"end":{"line":424,"column":94}},"155":{"start":{"line":425,"column":6},"end":{"line":437,"column":7}},"156":{"start":{"line":426,"column":8},"end":{"line":434,"column":11}},"157":{"start":{"line":435,"column":8},"end":{"line":435,"column":84}},"158":{"start":{"line":436,"column":8},"end":{"line":436,"column":66}},"159":{"start":{"line":441,"column":28},"end":{"line":450,"column":5}},"160":{"start":{"line":452,"column":4},"end":{"line":452,"column":80}},"161":{"start":{"line":453,"column":4},"end":{"line":462,"column":7}},"162":{"start":{"line":465,"column":4},"end":{"line":465,"column":53}},"163":{"start":{"line":466,"column":4},"end":{"line":469,"column":7}},"164":{"start":{"line":474,"column":2},"end":{"line":502,"column":3}},"165":{"start":{"line":475,"column":4},"end":{"line":475,"column":51}},"166":{"start":{"line":478,"column":28},"end":{"line":481,"column":30}},"167":{"start":{"line":483,"column":4},"end":{"line":483,"column":83}},"168":{"start":{"line":484,"column":4},"end":{"line":494,"column":7}},"169":{"start":{"line":487,"column":55},"end":{"line":493,"column":7}},"170":{"start":{"line":497,"column":4},"end":{"line":497,"column":60}},"171":{"start":{"line":498,"column":4},"end":{"line":501,"column":7}},"172":{"start":{"line":506,"column":2},"end":{"line":535,"column":3}},"173":{"start":{"line":507,"column":4},"end":{"line":507,"column":51}},"174":{"start":{"line":510,"column":27},"end":{"line":512,"column":13}},"175":{"start":{"line":514,"column":4},"end":{"line":514,"column":86}},"176":{"start":{"line":515,"column":4},"end":{"line":527,"column":7}},"177":{"start":{"line":518,"column":51},"end":{"line":526,"column":7}},"178":{"start":{"line":530,"column":4},"end":{"line":530,"column":60}},"179":{"start":{"line":531,"column":4},"end":{"line":534,"column":7}},"180":{"start":{"line":539,"column":2},"end":{"line":577,"column":3}},"181":{"start":{"line":540,"column":4},"end":{"line":540,"column":63}},"182":{"start":{"line":542,"column":28},"end":{"line":542,"column":38}},"183":{"start":{"line":545,"column":27},"end":{"line":547,"column":13}},"184":{"start":{"line":549,"column":4},"end":{"line":554,"column":5}},"185":{"start":{"line":550,"column":6},"end":{"line":553,"column":9}},"186":{"start":{"line":556,"column":4},"end":{"line":556,"column":95}},"187":{"start":{"line":557,"column":4},"end":{"line":569,"column":7}},"188":{"start":{"line":561,"column":51},"end":{"line":568,"column":7}},"189":{"start":{"line":572,"column":4},"end":{"line":572,"column":59}},"190":{"start":{"line":573,"column":4},"end":{"line":576,"column":7}}},"fnMap":{"0":{"name":"getCommunes","decl":{"start":{"line":11,"column":22},"end":{"line":11,"column":33}},"loc":{"start":{"line":11,"column":44},"end":{"line":121,"column":1}},"line":11},"1":{"name":"(anonymous_1)","decl":{"start":{"line":32,"column":46},"end":{"line":32,"column":47}},"loc":{"start":{"line":32,"column":53},"end":{"line":32,"column":59}},"line":32},"2":{"name":"(anonymous_2)","decl":{"start":{"line":71,"column":38},"end":{"line":71,"column":39}},"loc":{"start":{"line":71,"column":45},"end":{"line":71,"column":66}},"line":71},"3":{"name":"(anonymous_3)","decl":{"start":{"line":80,"column":34},"end":{"line":80,"column":35}},"loc":{"start":{"line":80,"column":41},"end":{"line":82,"column":7}},"line":80},"4":{"name":"(anonymous_4)","decl":{"start":{"line":86,"column":24},"end":{"line":86,"column":25}},"loc":{"start":{"line":86,"column":31},"end":{"line":95,"column":7}},"line":86},"5":{"name":"(anonymous_5)","decl":{"start":{"line":92,"column":29},"end":{"line":92,"column":30}},"loc":{"start":{"line":92,"column":36},"end":{"line":94,"column":9}},"line":92},"6":{"name":"(anonymous_6)","decl":{"start":{"line":105,"column":24},"end":{"line":105,"column":25}},"loc":{"start":{"line":105,"column":31},"end":{"line":114,"column":7}},"line":105},"7":{"name":"(anonymous_7)","decl":{"start":{"line":111,"column":29},"end":{"line":111,"column":30}},"loc":{"start":{"line":111,"column":36},"end":{"line":113,"column":9}},"line":111},"8":{"name":"updateCommune","decl":{"start":{"line":123,"column":22},"end":{"line":123,"column":35}},"loc":{"start":{"line":123,"column":46},"end":{"line":171,"column":1}},"line":123},"9":{"name":"createCommune","decl":{"start":{"line":173,"column":22},"end":{"line":173,"column":35}},"loc":{"start":{"line":173,"column":46},"end":{"line":228,"column":1}},"line":173},"10":{"name":"deleteCommune","decl":{"start":{"line":230,"column":22},"end":{"line":230,"column":35}},"loc":{"start":{"line":230,"column":46},"end":{"line":366,"column":1}},"line":230},"11":{"name":"(anonymous_11)","decl":{"start":{"line":321,"column":53},"end":{"line":321,"column":54}},"loc":{"start":{"line":321,"column":58},"end":{"line":321,"column":80}},"line":321},"12":{"name":"(anonymous_12)","decl":{"start":{"line":326,"column":57},"end":{"line":326,"column":58}},"loc":{"start":{"line":326,"column":62},"end":{"line":326,"column":84}},"line":326},"13":{"name":"restoreCommune","decl":{"start":{"line":368,"column":22},"end":{"line":368,"column":36}},"loc":{"start":{"line":368,"column":47},"end":{"line":471,"column":1}},"line":368},"14":{"name":"(anonymous_14)","decl":{"start":{"line":417,"column":48},"end":{"line":417,"column":49}},"loc":{"start":{"line":417,"column":53},"end":{"line":417,"column":91}},"line":417},"15":{"name":"(anonymous_15)","decl":{"start":{"line":424,"column":59},"end":{"line":424,"column":60}},"loc":{"start":{"line":424,"column":64},"end":{"line":424,"column":94}},"line":424},"16":{"name":"getDeletedCommunes","decl":{"start":{"line":473,"column":22},"end":{"line":473,"column":40}},"loc":{"start":{"line":473,"column":51},"end":{"line":503,"column":1}},"line":473},"17":{"name":"(anonymous_17)","decl":{"start":{"line":487,"column":43},"end":{"line":487,"column":44}},"loc":{"start":{"line":487,"column":55},"end":{"line":493,"column":7}},"line":487},"18":{"name":"getHistoryCommunes","decl":{"start":{"line":505,"column":22},"end":{"line":505,"column":40}},"loc":{"start":{"line":505,"column":51},"end":{"line":536,"column":1}},"line":505},"19":{"name":"(anonymous_19)","decl":{"start":{"line":518,"column":41},"end":{"line":518,"column":42}},"loc":{"start":{"line":518,"column":51},"end":{"line":526,"column":7}},"line":518},"20":{"name":"getHistoryByCode","decl":{"start":{"line":538,"column":22},"end":{"line":538,"column":38}},"loc":{"start":{"line":538,"column":49},"end":{"line":578,"column":1}},"line":538},"21":{"name":"(anonymous_21)","decl":{"start":{"line":561,"column":41},"end":{"line":561,"column":42}},"loc":{"start":{"line":561,"column":51},"end":{"line":568,"column":7}},"line":561}},"branchMap":{"0":{"loc":{"start":{"line":17,"column":4},"end":{"line":58,"column":5}},"type":"if","locations":[{"start":{"line":17,"column":4},"end":{"line":58,"column":5}},{"start":{"line":53,"column":11},"end":{"line":58,"column":5}}],"line":17},"1":{"loc":{"start":{"line":21,"column":6},"end":{"line":52,"column":7}},"type":"if","locations":[{"start":{"line":21,"column":6},"end":{"line":52,"column":7}},{"start":{"line":39,"column":13},"end":{"line":52,"column":7}}],"line":21},"2":{"loc":{"start":{"line":30,"column":8},"end":{"line":38,"column":9}},"type":"if","locations":[{"start":{"line":30,"column":8},"end":{"line":38,"column":9}},{"start":{},"end":{}}],"line":30},"3":{"loc":{"start":{"line":46,"column":8},"end":{"line":51,"column":9}},"type":"if","locations":[{"start":{"line":46,"column":8},"end":{"line":51,"column":9}},{"start":{"line":49,"column":15},"end":{"line":51,"column":9}}],"line":46},"4":{"loc":{"start":{"line":60,"column":4},"end":{"line":63,"column":5}},"type":"if","locations":[{"start":{"line":60,"column":4},"end":{"line":63,"column":5}},{"start":{},"end":{}}],"line":60},"5":{"loc":{"start":{"line":70,"column":4},"end":{"line":97,"column":5}},"type":"if","locations":[{"start":{"line":70,"column":4},"end":{"line":97,"column":5}},{"start":{"line":84,"column":11},"end":{"line":97,"column":5}}],"line":70},"6":{"loc":{"start":{"line":72,"column":6},"end":{"line":72,"column":82}},"type":"if","locations":[{"start":{"line":72,"column":6},"end":{"line":72,"column":82}},{"start":{},"end":{}}],"line":72},"7":{"loc":{"start":{"line":76,"column":6},"end":{"line":78,"column":7}},"type":"if","locations":[{"start":{"line":76,"column":6},"end":{"line":78,"column":7}},{"start":{},"end":{}}],"line":76},"8":{"loc":{"start":{"line":76,"column":10},"end":{"line":76,"column":63}},"type":"binary-expr","locations":[{"start":{"line":76,"column":10},"end":{"line":76,"column":27}},{"start":{"line":76,"column":31},"end":{"line":76,"column":63}}],"line":76},"9":{"loc":{"start":{"line":81,"column":29},"end":{"line":81,"column":45}},"type":"binary-expr","locations":[{"start":{"line":81,"column":29},"end":{"line":81,"column":39}},{"start":{"line":81,"column":43},"end":{"line":81,"column":45}}],"line":81},"10":{"loc":{"start":{"line":88,"column":8},"end":{"line":90,"column":9}},"type":"if","locations":[{"start":{"line":88,"column":8},"end":{"line":90,"column":9}},{"start":{},"end":{}}],"line":88},"11":{"loc":{"start":{"line":88,"column":12},"end":{"line":88,"column":51}},"type":"binary-expr","locations":[{"start":{"line":88,"column":12},"end":{"line":88,"column":22}},{"start":{"line":88,"column":26},"end":{"line":88,"column":51}}],"line":88},"12":{"loc":{"start":{"line":93,"column":31},"end":{"line":93,"column":47}},"type":"binary-expr","locations":[{"start":{"line":93,"column":31},"end":{"line":93,"column":41}},{"start":{"line":93,"column":45},"end":{"line":93,"column":47}}],"line":93},"13":{"loc":{"start":{"line":107,"column":8},"end":{"line":109,"column":9}},"type":"if","locations":[{"start":{"line":107,"column":8},"end":{"line":109,"column":9}},{"start":{},"end":{}}],"line":107},"14":{"loc":{"start":{"line":107,"column":12},"end":{"line":107,"column":51}},"type":"binary-expr","locations":[{"start":{"line":107,"column":12},"end":{"line":107,"column":22}},{"start":{"line":107,"column":26},"end":{"line":107,"column":51}}],"line":107},"15":{"loc":{"start":{"line":112,"column":31},"end":{"line":112,"column":47}},"type":"binary-expr","locations":[{"start":{"line":112,"column":31},"end":{"line":112,"column":41}},{"start":{"line":112,"column":45},"end":{"line":112,"column":47}}],"line":112},"16":{"loc":{"start":{"line":133,"column":4},"end":{"line":136,"column":5}},"type":"if","locations":[{"start":{"line":133,"column":4},"end":{"line":136,"column":5}},{"start":{},"end":{}}],"line":133},"17":{"loc":{"start":{"line":142,"column":4},"end":{"line":142,"column":37}},"type":"if","locations":[{"start":{"line":142,"column":4},"end":{"line":142,"column":37}},{"start":{},"end":{}}],"line":142},"18":{"loc":{"start":{"line":143,"column":4},"end":{"line":143,"column":58}},"type":"if","locations":[{"start":{"line":143,"column":4},"end":{"line":143,"column":58}},{"start":{},"end":{}}],"line":143},"19":{"loc":{"start":{"line":144,"column":4},"end":{"line":144,"column":82}},"type":"if","locations":[{"start":{"line":144,"column":4},"end":{"line":144,"column":82}},{"start":{},"end":{}}],"line":144},"20":{"loc":{"start":{"line":145,"column":4},"end":{"line":145,"column":43}},"type":"if","locations":[{"start":{"line":145,"column":4},"end":{"line":145,"column":43}},{"start":{},"end":{}}],"line":145},"21":{"loc":{"start":{"line":182,"column":29},"end":{"line":182,"column":48}},"type":"binary-expr","locations":[{"start":{"line":182,"column":29},"end":{"line":182,"column":40}},{"start":{"line":182,"column":44},"end":{"line":182,"column":48}}],"line":182},"22":{"loc":{"start":{"line":187,"column":4},"end":{"line":193,"column":5}},"type":"if","locations":[{"start":{"line":187,"column":4},"end":{"line":193,"column":5}},{"start":{},"end":{}}],"line":187},"23":{"loc":{"start":{"line":201,"column":19},"end":{"line":201,"column":36}},"type":"binary-expr","locations":[{"start":{"line":201,"column":19},"end":{"line":201,"column":30}},{"start":{"line":201,"column":34},"end":{"line":201,"column":36}}],"line":201},"24":{"loc":{"start":{"line":202,"column":27},"end":{"line":202,"column":54}},"type":"binary-expr","locations":[{"start":{"line":202,"column":27},"end":{"line":202,"column":46}},{"start":{"line":202,"column":50},"end":{"line":202,"column":54}}],"line":202},"25":{"loc":{"start":{"line":203,"column":20},"end":{"line":203,"column":38}},"type":"binary-expr","locations":[{"start":{"line":203,"column":20},"end":{"line":203,"column":30}},{"start":{"line":203,"column":34},"end":{"line":203,"column":38}}],"line":203},"26":{"loc":{"start":{"line":205,"column":14},"end":{"line":205,"column":26}},"type":"binary-expr","locations":[{"start":{"line":205,"column":14},"end":{"line":205,"column":20}},{"start":{"line":205,"column":24},"end":{"line":205,"column":26}}],"line":205},"27":{"loc":{"start":{"line":207,"column":18},"end":{"line":207,"column":36}},"type":"binary-expr","locations":[{"start":{"line":207,"column":18},"end":{"line":207,"column":28}},{"start":{"line":207,"column":32},"end":{"line":207,"column":36}}],"line":207},"28":{"loc":{"start":{"line":239,"column":4},"end":{"line":245,"column":5}},"type":"if","locations":[{"start":{"line":239,"column":4},"end":{"line":245,"column":5}},{"start":{},"end":{}}],"line":239},"29":{"loc":{"start":{"line":283,"column":6},"end":{"line":285,"column":7}},"type":"if","locations":[{"start":{"line":283,"column":6},"end":{"line":285,"column":7}},{"start":{},"end":{}}],"line":283},"30":{"loc":{"start":{"line":320,"column":6},"end":{"line":322,"column":7}},"type":"if","locations":[{"start":{"line":320,"column":6},"end":{"line":322,"column":7}},{"start":{},"end":{}}],"line":320},"31":{"loc":{"start":{"line":323,"column":6},"end":{"line":329,"column":7}},"type":"if","locations":[{"start":{"line":323,"column":6},"end":{"line":329,"column":7}},{"start":{},"end":{}}],"line":323},"32":{"loc":{"start":{"line":325,"column":10},"end":{"line":327,"column":11}},"type":"if","locations":[{"start":{"line":325,"column":10},"end":{"line":327,"column":11}},{"start":{},"end":{}}],"line":325},"33":{"loc":{"start":{"line":381,"column":4},"end":{"line":387,"column":5}},"type":"if","locations":[{"start":{"line":381,"column":4},"end":{"line":387,"column":5}},{"start":{},"end":{}}],"line":381},"34":{"loc":{"start":{"line":418,"column":4},"end":{"line":438,"column":5}},"type":"if","locations":[{"start":{"line":418,"column":4},"end":{"line":438,"column":5}},{"start":{},"end":{}}],"line":418},"35":{"loc":{"start":{"line":419,"column":6},"end":{"line":421,"column":7}},"type":"if","locations":[{"start":{"line":419,"column":6},"end":{"line":421,"column":7}},{"start":{},"end":{}}],"line":419},"36":{"loc":{"start":{"line":425,"column":6},"end":{"line":437,"column":7}},"type":"if","locations":[{"start":{"line":425,"column":6},"end":{"line":437,"column":7}},{"start":{},"end":{}}],"line":425},"37":{"loc":{"start":{"line":549,"column":4},"end":{"line":554,"column":5}},"type":"if","locations":[{"start":{"line":549,"column":4},"end":{"line":554,"column":5}},{"start":{},"end":{}}],"line":549}},"s":{"0":1,"1":1,"2":1,"3":12,"4":12,"5":12,"6":12,"7":4,"8":4,"9":2,"10":1,"11":1,"12":1,"13":2,"14":1,"15":2,"16":2,"17":0,"18":2,"19":8,"20":8,"21":5,"22":5,"23":3,"24":3,"25":2,"26":1,"27":0,"28":0,"29":0,"30":0,"31":0,"32":0,"33":0,"34":0,"35":0,"36":0,"37":1,"38":1,"39":34,"40":34,"41":34,"42":0,"43":1,"44":4,"45":4,"46":4,"47":3,"48":2,"49":2,"50":68,"51":68,"52":68,"53":0,"54":2,"55":2,"56":2,"57":2,"58":2,"59":2,"60":2,"61":2,"62":2,"63":1,"64":1,"65":1,"66":1,"67":1,"68":1,"69":1,"70":1,"71":1,"72":1,"73":1,"74":0,"75":1,"76":1,"77":1,"78":1,"79":1,"80":0,"81":0,"82":5,"83":5,"84":5,"85":5,"86":5,"87":5,"88":5,"89":2,"90":2,"91":3,"92":3,"93":3,"94":3,"95":0,"96":0,"97":2,"98":2,"99":2,"100":2,"101":2,"102":1,"103":1,"104":1,"105":1,"106":1,"107":1,"108":1,"109":1,"110":1,"111":1,"112":1,"113":1,"114":0,"115":1,"116":1,"117":1,"118":1,"119":1,"120":1,"121":34,"122":34,"123":3321,"124":34,"125":0,"126":0,"127":0,"128":0,"129":1,"130":1,"131":1,"132":1,"133":0,"134":0,"135":0,"136":0,"137":0,"138":0,"139":0,"140":0,"141":0,"142":0,"143":0,"144":0,"145":0,"146":0,"147":0,"148":0,"149":0,"150":0,"151":0,"152":0,"153":0,"154":0,"155":0,"156":0,"157":0,"158":0,"159":0,"160":0,"161":0,"162":0,"163":0,"164":0,"165":0,"166":0,"167":0,"168":0,"169":0,"170":0,"171":0,"172":2,"173":2,"174":2,"175":2,"176":2,"177":2,"178":0,"179":0,"180":0,"181":0,"182":0,"183":0,"184":0,"185":0,"186":0,"187":0,"188":0,"189":0,"190":0},"f":{"0":12,"1":2,"2":0,"3":0,"4":34,"5":0,"6":68,"7":0,"8":2,"9":5,"10":2,"11":3321,"12":0,"13":0,"14":0,"15":0,"16":0,"17":0,"18":2,"19":2,"20":0,"21":0},"b":{"0":[4,8],"1":[2,2],"2":[1,0],"3":[0,2],"4":[5,3],"5":[0,1],"6":[0,0],"7":[0,0],"8":[0,0],"9":[0,0],"10":[34,0],"11":[34,34],"12":[0,0],"13":[68,0],"14":[68,68],"15":[0,0],"16":[1,1],"17":[1,0],"18":[1,0],"19":[1,0],"20":[0,1],"21":[5,3],"22":[2,3],"23":[3,1],"24":[3,2],"25":[3,1],"26":[3,3],"27":[3,1],"28":[1,1],"29":[1,0],"30":[34,0],"31":[0,34],"32":[0,0],"33":[0,0],"34":[0,0],"35":[0,0],"36":[0,0],"37":[0,0]},"inputSourceMap":null,"_coverageSchema":"1a1c01bbd47fc00a2c39e90264f33305004495a9","hash":"7746934c7ed6cbb3022d67ff49220b6f2d93b0f6"}
,"C:\\Users\\Quy\\Desktop\\AlojoBooking\\AdministrativeBoundaries\\server\\controllers\\convertController.js": {"path":"C:\\Users\\Quy\\Desktop\\AlojoBooking\\AdministrativeBoundaries\\server\\controllers\\convertController.js","statementMap":{"0":{"start":{"line":6,"column":19},"end":{"line":6,"column":49}},"1":{"start":{"line":7,"column":18},"end":{"line":7,"column":42}},"2":{"start":{"line":8,"column":17},"end":{"line":8,"column":69}},"3":{"start":{"line":12,"column":2},"end":{"line":17,"column":19}},"4":{"start":{"line":21,"column":2},"end":{"line":96,"column":3}},"5":{"start":{"line":22,"column":24},"end":{"line":22,"column":32}},"6":{"start":{"line":23,"column":4},"end":{"line":24,"column":77}},"7":{"start":{"line":24,"column":6},"end":{"line":24,"column":77}},"8":{"start":{"line":26,"column":18},"end":{"line":26,"column":57}},"9":{"start":{"line":26,"column":48},"end":{"line":26,"column":56}},"10":{"start":{"line":27,"column":4},"end":{"line":30,"column":76}},"11":{"start":{"line":28,"column":6},"end":{"line":30,"column":76}},"12":{"start":{"line":32,"column":40},"end":{"line":32,"column":45}},"13":{"start":{"line":33,"column":25},"end":{"line":33,"column":48}},"14":{"start":{"line":34,"column":24},"end":{"line":34,"column":46}},"15":{"start":{"line":36,"column":4},"end":{"line":36,"column":45}},"16":{"start":{"line":41,"column":19},"end":{"line":44,"column":6}},"17":{"start":{"line":46,"column":18},"end":{"line":46,"column":22}},"18":{"start":{"line":47,"column":4},"end":{"line":53,"column":5}},"19":{"start":{"line":48,"column":6},"end":{"line":52,"column":9}},"20":{"start":{"line":58,"column":4},"end":{"line":76,"column":5}},"21":{"start":{"line":59,"column":6},"end":{"line":59,"column":59}},"22":{"start":{"line":60,"column":22},"end":{"line":60,"column":55}},"23":{"start":{"line":61,"column":24},"end":{"line":61,"column":43}},"24":{"start":{"line":63,"column":6},"end":{"line":67,"column":10}},"25":{"start":{"line":66,"column":10},"end":{"line":66,"column":91}},"26":{"start":{"line":69,"column":6},"end":{"line":75,"column":7}},"27":{"start":{"line":70,"column":8},"end":{"line":74,"column":12}},"28":{"start":{"line":73,"column":12},"end":{"line":73,"column":96}},"29":{"start":{"line":81,"column":4},"end":{"line":92,"column":7}},"30":{"start":{"line":94,"column":4},"end":{"line":94,"column":43}},"31":{"start":{"line":95,"column":4},"end":{"line":95,"column":61}}},"fnMap":{"0":{"name":"normalize","decl":{"start":{"line":11,"column":9},"end":{"line":11,"column":18}},"loc":{"start":{"line":11,"column":24},"end":{"line":18,"column":1}},"line":11},"1":{"name":"convertAddress","decl":{"start":{"line":20,"column":22},"end":{"line":20,"column":36}},"loc":{"start":{"line":20,"column":47},"end":{"line":97,"column":1}},"line":20},"2":{"name":"(anonymous_2)","decl":{"start":{"line":26,"column":41},"end":{"line":26,"column":42}},"loc":{"start":{"line":26,"column":48},"end":{"line":26,"column":56}},"line":26},"3":{"name":"(anonymous_3)","decl":{"start":{"line":65,"column":23},"end":{"line":65,"column":24}},"loc":{"start":{"line":66,"column":10},"end":{"line":66,"column":91}},"line":66},"4":{"name":"(anonymous_4)","decl":{"start":{"line":72,"column":33},"end":{"line":72,"column":34}},"loc":{"start":{"line":73,"column":12},"end":{"line":73,"column":96}},"line":73}},"branchMap":{"0":{"loc":{"start":{"line":23,"column":4},"end":{"line":24,"column":77}},"type":"if","locations":[{"start":{"line":23,"column":4},"end":{"line":24,"column":77}},{"start":{},"end":{}}],"line":23},"1":{"loc":{"start":{"line":27,"column":4},"end":{"line":30,"column":76}},"type":"if","locations":[{"start":{"line":27,"column":4},"end":{"line":30,"column":76}},{"start":{},"end":{}}],"line":27},"2":{"loc":{"start":{"line":47,"column":4},"end":{"line":53,"column":5}},"type":"if","locations":[{"start":{"line":47,"column":4},"end":{"line":53,"column":5}},{"start":{},"end":{}}],"line":47},"3":{"loc":{"start":{"line":58,"column":4},"end":{"line":76,"column":5}},"type":"if","locations":[{"start":{"line":58,"column":4},"end":{"line":76,"column":5}},{"start":{},"end":{}}],"line":58},"4":{"loc":{"start":{"line":58,"column":8},"end":{"line":58,"column":29}},"type":"binary-expr","locations":[{"start":{"line":58,"column":8},"end":{"line":58,"column":17}},{"start":{"line":58,"column":21},"end":{"line":58,"column":29}}],"line":58},"5":{"loc":{"start":{"line":64,"column":8},"end":{"line":67,"column":9}},"type":"binary-expr","locations":[{"start":{"line":64,"column":8},"end":{"line":64,"column":16}},{"start":{"line":65,"column":8},"end":{"line":67,"column":9}}],"line":64},"6":{"loc":{"start":{"line":69,"column":6},"end":{"line":75,"column":7}},"type":"if","locations":[{"start":{"line":69,"column":6},"end":{"line":75,"column":7}},{"start":{},"end":{}}],"line":69},"7":{"loc":{"start":{"line":69,"column":10},"end":{"line":69,"column":54}},"type":"binary-expr","locations":[{"start":{"line":69,"column":10},"end":{"line":69,"column":18}},{"start":{"line":69,"column":22},"end":{"line":69,"column":54}}],"line":69},"8":{"loc":{"start":{"line":71,"column":10},"end":{"line":74,"column":11}},"type":"binary-expr","locations":[{"start":{"line":71,"column":10},"end":{"line":71,"column":17}},{"start":{"line":72,"column":10},"end":{"line":74,"column":11}}],"line":71},"9":{"loc":{"start":{"line":84,"column":18},"end":{"line":84,"column":40}},"type":"binary-expr","locations":[{"start":{"line":84,"column":18},"end":{"line":84,"column":32}},{"start":{"line":84,"column":36},"end":{"line":84,"column":40}}],"line":84},"10":{"loc":{"start":{"line":85,"column":17},"end":{"line":85,"column":38}},"type":"binary-expr","locations":[{"start":{"line":85,"column":17},"end":{"line":85,"column":30}},{"start":{"line":85,"column":34},"end":{"line":85,"column":38}}],"line":85},"11":{"loc":{"start":{"line":88,"column":18},"end":{"line":88,"column":40}},"type":"binary-expr","locations":[{"start":{"line":88,"column":18},"end":{"line":88,"column":32}},{"start":{"line":88,"column":36},"end":{"line":88,"column":40}}],"line":88},"12":{"loc":{"start":{"line":89,"column":17},"end":{"line":89,"column":38}},"type":"binary-expr","locations":[{"start":{"line":89,"column":17},"end":{"line":89,"column":30}},{"start":{"line":89,"column":34},"end":{"line":89,"column":38}}],"line":89},"13":{"loc":{"start":{"line":91,"column":16},"end":{"line":91,"column":35}},"type":"binary-expr","locations":[{"start":{"line":91,"column":16},"end":{"line":91,"column":24}},{"start":{"line":91,"column":28},"end":{"line":91,"column":35}}],"line":91}},"s":{"0":1,"1":1,"2":1,"3":0,"4":0,"5":0,"6":0,"7":0,"8":0,"9":0,"10":0,"11":0,"12":0,"13":0,"14":0,"15":0,"16":0,"17":0,"18":0,"19":0,"20":0,"21":0,"22":0,"23":0,"24":0,"25":0,"26":0,"27":0,"28":0,"29":0,"30":0,"31":0},"f":{"0":0,"1":0,"2":0,"3":0,"4":0},"b":{"0":[0,0],"1":[0,0],"2":[0,0],"3":[0,0],"4":[0,0],"5":[0,0],"6":[0,0],"7":[0,0],"8":[0,0],"9":[0,0],"10":[0,0],"11":[0,0],"12":[0,0],"13":[0,0]},"inputSourceMap":null,"_coverageSchema":"1a1c01bbd47fc00a2c39e90264f33305004495a9","hash":"6ca278c0d327d0f88fb3ed6bbc9b317cb349e1bf"}
,"C:\\Users\\Quy\\Desktop\\AlojoBooking\\AdministrativeBoundaries\\server\\controllers\\provinceController.js": {"path":"C:\\Users\\Quy\\Desktop\\AlojoBooking\\AdministrativeBoundaries\\server\\controllers\\provinceController.js","statementMap":{"0":{"start":{"line":7,"column":19},"end":{"line":7,"column":49}},"1":{"start":{"line":8,"column":18},"end":{"line":8,"column":42}},"2":{"start":{"line":9,"column":17},"end":{"line":9,"column":69}},"3":{"start":{"line":12,"column":2},"end":{"line":48,"column":3}},"4":{"start":{"line":14,"column":22},"end":{"line":14,"column":67}},"5":{"start":{"line":16,"column":4},"end":{"line":19,"column":5}},"6":{"start":{"line":17,"column":6},"end":{"line":17,"column":53}},"7":{"start":{"line":18,"column":6},"end":{"line":18,"column":33}},"8":{"start":{"line":22,"column":4},"end":{"line":22,"column":62}},"9":{"start":{"line":23,"column":20},"end":{"line":23,"column":53}},"10":{"start":{"line":24,"column":17},"end":{"line":24,"column":36}},"11":{"start":{"line":25,"column":4},"end":{"line":31,"column":6}},"12":{"start":{"line":26,"column":23},"end":{"line":30,"column":7}},"13":{"start":{"line":33,"column":4},"end":{"line":33,"column":66}},"14":{"start":{"line":34,"column":4},"end":{"line":47,"column":5}},"15":{"start":{"line":35,"column":22},"end":{"line":35,"column":55}},"16":{"start":{"line":36,"column":19},"end":{"line":36,"column":38}},"17":{"start":{"line":37,"column":6},"end":{"line":43,"column":8}},"18":{"start":{"line":38,"column":25},"end":{"line":42,"column":9}},"19":{"start":{"line":45,"column":6},"end":{"line":45,"column":56}},"20":{"start":{"line":46,"column":6},"end":{"line":46,"column":73}}},"fnMap":{"0":{"name":"getProvinces","decl":{"start":{"line":11,"column":22},"end":{"line":11,"column":34}},"loc":{"start":{"line":11,"column":45},"end":{"line":49,"column":1}},"line":11},"1":{"name":"(anonymous_1)","decl":{"start":{"line":26,"column":15},"end":{"line":26,"column":16}},"loc":{"start":{"line":26,"column":23},"end":{"line":30,"column":7}},"line":26},"2":{"name":"(anonymous_2)","decl":{"start":{"line":38,"column":17},"end":{"line":38,"column":18}},"loc":{"start":{"line":38,"column":25},"end":{"line":42,"column":9}},"line":38}},"branchMap":{"0":{"loc":{"start":{"line":16,"column":4},"end":{"line":19,"column":5}},"type":"if","locations":[{"start":{"line":16,"column":4},"end":{"line":19,"column":5}},{"start":{},"end":{}}],"line":16}},"s":{"0":1,"1":1,"2":1,"3":0,"4":0,"5":0,"6":0,"7":0,"8":0,"9":0,"10":0,"11":0,"12":0,"13":0,"14":0,"15":0,"16":0,"17":0,"18":0,"19":0,"20":0},"f":{"0":0,"1":0,"2":0},"b":{"0":[0,0]},"inputSourceMap":null,"_coverageSchema":"1a1c01bbd47fc00a2c39e90264f33305004495a9","hash":"0f2e0625b777b64360e56bda4c4d5762cd6a3223"}
,"C:\\Users\\Quy\\Desktop\\AlojoBooking\\AdministrativeBoundaries\\server\\controllers\\searchController.js": {"path":"C:\\Users\\Quy\\Desktop\\AlojoBooking\\AdministrativeBoundaries\\server\\controllers\\searchController.js","statementMap":{"0":{"start":{"line":7,"column":2},"end":{"line":20,"column":3}},"1":{"start":{"line":8,"column":34},"end":{"line":8,"column":43}},"2":{"start":{"line":9,"column":18},"end":{"line":9,"column":20}},"3":{"start":{"line":11,"column":4},"end":{"line":11,"column":59}},"4":{"start":{"line":11,"column":14},"end":{"line":11,"column":59}},"5":{"start":{"line":12,"column":4},"end":{"line":12,"column":35}},"6":{"start":{"line":12,"column":15},"end":{"line":12,"column":35}},"7":{"start":{"line":13,"column":4},"end":{"line":13,"column":32}},"8":{"start":{"line":13,"column":14},"end":{"line":13,"column":32}},"9":{"start":{"line":15,"column":19},"end":{"line":15,"column":51}},"10":{"start":{"line":16,"column":4},"end":{"line":16,"column":21}},"11":{"start":{"line":18,"column":4},"end":{"line":18,"column":42}},"12":{"start":{"line":19,"column":4},"end":{"line":19,"column":61}}},"fnMap":{"0":{"name":"searchUnits","decl":{"start":{"line":6,"column":22},"end":{"line":6,"column":33}},"loc":{"start":{"line":6,"column":44},"end":{"line":21,"column":1}},"line":6}},"branchMap":{"0":{"loc":{"start":{"line":11,"column":4},"end":{"line":11,"column":59}},"type":"if","locations":[{"start":{"line":11,"column":4},"end":{"line":11,"column":59}},{"start":{},"end":{}}],"line":11},"1":{"loc":{"start":{"line":12,"column":4},"end":{"line":12,"column":35}},"type":"if","locations":[{"start":{"line":12,"column":4},"end":{"line":12,"column":35}},{"start":{},"end":{}}],"line":12},"2":{"loc":{"start":{"line":13,"column":4},"end":{"line":13,"column":32}},"type":"if","locations":[{"start":{"line":13,"column":4},"end":{"line":13,"column":32}},{"start":{},"end":{}}],"line":13}},"s":{"0":0,"1":0,"2":0,"3":0,"4":0,"5":0,"6":0,"7":0,"8":0,"9":0,"10":0,"11":0,"12":0},"f":{"0":0},"b":{"0":[0,0],"1":[0,0],"2":[0,0]},"inputSourceMap":null,"_coverageSchema":"1a1c01bbd47fc00a2c39e90264f33305004495a9","hash":"646bf1c358cd5af1049dff1c4c6b6c46f349539c"}
,"C:\\Users\\Quy\\Desktop\\AlojoBooking\\AdministrativeBoundaries\\server\\controllers\\treeController.js": {"path":"C:\\Users\\Quy\\Desktop\\AlojoBooking\\AdministrativeBoundaries\\server\\controllers\\treeController.js","statementMap":{"0":{"start":{"line":8,"column":2},"end":{"line":28,"column":3}},"1":{"start":{"line":9,"column":18},"end":{"line":9,"column":35}},"2":{"start":{"line":10,"column":16},"end":{"line":10,"column":18}},"3":{"start":{"line":13,"column":4},"end":{"line":13,"column":75}},"4":{"start":{"line":13,"column":27},"end":{"line":13,"column":75}},"5":{"start":{"line":14,"column":17},"end":{"line":14,"column":19}},"6":{"start":{"line":16,"column":4},"end":{"line":22,"column":5}},"7":{"start":{"line":17,"column":6},"end":{"line":21,"column":7}},"8":{"start":{"line":18,"column":8},"end":{"line":18,"column":53}},"9":{"start":{"line":19,"column":13},"end":{"line":21,"column":7}},"10":{"start":{"line":20,"column":8},"end":{"line":20,"column":31}},"11":{"start":{"line":24,"column":4},"end":{"line":24,"column":19}},"12":{"start":{"line":26,"column":4},"end":{"line":26,"column":40}},"13":{"start":{"line":27,"column":4},"end":{"line":27,"column":61}}},"fnMap":{"0":{"name":"getTree","decl":{"start":{"line":7,"column":22},"end":{"line":7,"column":29}},"loc":{"start":{"line":7,"column":40},"end":{"line":29,"column":1}},"line":7}},"branchMap":{"0":{"loc":{"start":{"line":17,"column":6},"end":{"line":21,"column":7}},"type":"if","locations":[{"start":{"line":17,"column":6},"end":{"line":21,"column":7}},{"start":{"line":19,"column":13},"end":{"line":21,"column":7}}],"line":17},"1":{"loc":{"start":{"line":17,"column":10},"end":{"line":17,"column":43}},"type":"binary-expr","locations":[{"start":{"line":17,"column":10},"end":{"line":17,"column":22}},{"start":{"line":17,"column":26},"end":{"line":17,"column":43}}],"line":17},"2":{"loc":{"start":{"line":19,"column":13},"end":{"line":21,"column":7}},"type":"if","locations":[{"start":{"line":19,"column":13},"end":{"line":21,"column":7}},{"start":{},"end":{}}],"line":19}},"s":{"0":0,"1":0,"2":0,"3":0,"4":0,"5":0,"6":0,"7":0,"8":0,"9":0,"10":0,"11":0,"12":0,"13":0},"f":{"0":0},"b":{"0":[0,0],"1":[0,0],"2":[0,0]},"inputSourceMap":null,"_coverageSchema":"1a1c01bbd47fc00a2c39e90264f33305004495a9","hash":"1df0e76fe9efe504d8739cc8602ce43c66856fc4"}
,"C:\\Users\\Quy\\Desktop\\AlojoBooking\\AdministrativeBoundaries\\server\\controllers\\unitController.js": {"path":"C:\\Users\\Quy\\Desktop\\AlojoBooking\\AdministrativeBoundaries\\server\\controllers\\unitController.js","statementMap":{"0":{"start":{"line":6,"column":17},"end":{"line":6,"column":67}},"1":{"start":{"line":10,"column":2},"end":{"line":15,"column":3}},"2":{"start":{"line":11,"column":4},"end":{"line":11,"column":57}},"3":{"start":{"line":13,"column":4},"end":{"line":13,"column":47}},"4":{"start":{"line":14,"column":4},"end":{"line":14,"column":14}},"5":{"start":{"line":20,"column":2},"end":{"line":24,"column":3}},"6":{"start":{"line":21,"column":4},"end":{"line":21,"column":70}},"7":{"start":{"line":23,"column":4},"end":{"line":23,"column":47}},"8":{"start":{"line":29,"column":2},"end":{"line":130,"column":3}},"9":{"start":{"line":41,"column":8},"end":{"line":41,"column":16}},"10":{"start":{"line":43,"column":4},"end":{"line":44,"column":73}},"11":{"start":{"line":44,"column":6},"end":{"line":44,"column":73}},"12":{"start":{"line":47,"column":21},"end":{"line":47,"column":31}},"13":{"start":{"line":51,"column":6},"end":{"line":54,"column":7}},"14":{"start":{"line":51,"column":27},"end":{"line":51,"column":42}},"15":{"start":{"line":53,"column":8},"end":{"line":53,"column":55}},"16":{"start":{"line":53,"column":39},"end":{"line":53,"column":54}},"17":{"start":{"line":55,"column":4},"end":{"line":56,"column":69}},"18":{"start":{"line":56,"column":6},"end":{"line":56,"column":69}},"19":{"start":{"line":59,"column":16},"end":{"line":59,"column":21}},"20":{"start":{"line":60,"column":4},"end":{"line":91,"column":5}},"21":{"start":{"line":61,"column":6},"end":{"line":70,"column":9}},"22":{"start":{"line":71,"column":6},"end":{"line":71,"column":19}},"23":{"start":{"line":72,"column":11},"end":{"line":91,"column":5}},"24":{"start":{"line":74,"column":8},"end":{"line":74,"column":78}},"25":{"start":{"line":74,"column":29},"end":{"line":74,"column":77}},"26":{"start":{"line":75,"column":6},"end":{"line":76,"column":89}},"27":{"start":{"line":76,"column":8},"end":{"line":76,"column":89}},"28":{"start":{"line":78,"column":6},"end":{"line":78,"column":46}},"29":{"start":{"line":79,"column":6},"end":{"line":89,"column":9}},"30":{"start":{"line":90,"column":6},"end":{"line":90,"column":19}},"31":{"start":{"line":93,"column":4},"end":{"line":94,"column":81}},"32":{"start":{"line":94,"column":6},"end":{"line":94,"column":81}},"33":{"start":{"line":97,"column":4},"end":{"line":97,"column":24}},"34":{"start":{"line":100,"column":20},"end":{"line":112,"column":6}},"35":{"start":{"line":115,"column":4},"end":{"line":121,"column":7}},"36":{"start":{"line":123,"column":4},"end":{"line":126,"column":7}},"37":{"start":{"line":128,"column":4},"end":{"line":128,"column":48}},"38":{"start":{"line":129,"column":4},"end":{"line":129,"column":61}},"39":{"start":{"line":135,"column":2},"end":{"line":177,"column":3}},"40":{"start":{"line":136,"column":21},"end":{"line":136,"column":31}},"41":{"start":{"line":137,"column":20},"end":{"line":137,"column":28}},"42":{"start":{"line":138,"column":21},"end":{"line":138,"column":31}},"43":{"start":{"line":140,"column":17},"end":{"line":140,"column":21}},"44":{"start":{"line":141,"column":4},"end":{"line":151,"column":5}},"45":{"start":{"line":142,"column":6},"end":{"line":145,"column":7}},"46":{"start":{"line":143,"column":8},"end":{"line":143,"column":19}},"47":{"start":{"line":144,"column":8},"end":{"line":144,"column":14}},"48":{"start":{"line":146,"column":16},"end":{"line":146,"column":56}},"49":{"start":{"line":146,"column":40},"end":{"line":146,"column":55}},"50":{"start":{"line":147,"column":6},"end":{"line":150,"column":7}},"51":{"start":{"line":148,"column":8},"end":{"line":148,"column":19}},"52":{"start":{"line":149,"column":8},"end":{"line":149,"column":14}},"53":{"start":{"line":153,"column":4},"end":{"line":154,"column":81}},"54":{"start":{"line":154,"column":6},"end":{"line":154,"column":81}},"55":{"start":{"line":156,"column":20},"end":{"line":156,"column":33}},"56":{"start":{"line":157,"column":4},"end":{"line":157,"column":35}},"57":{"start":{"line":158,"column":4},"end":{"line":158,"column":24}},"58":{"start":{"line":160,"column":17},"end":{"line":163,"column":6}},"59":{"start":{"line":165,"column":4},"end":{"line":171,"column":7}},"60":{"start":{"line":173,"column":4},"end":{"line":173,"column":63}},"61":{"start":{"line":175,"column":4},"end":{"line":175,"column":42}},"62":{"start":{"line":176,"column":4},"end":{"line":176,"column":61}},"63":{"start":{"line":182,"column":2},"end":{"line":222,"column":3}},"64":{"start":{"line":183,"column":21},"end":{"line":183,"column":31}},"65":{"start":{"line":184,"column":21},"end":{"line":184,"column":31}},"66":{"start":{"line":185,"column":18},"end":{"line":185,"column":22}},"67":{"start":{"line":187,"column":20},"end":{"line":202,"column":6}},"68":{"start":{"line":188,"column":6},"end":{"line":191,"column":7}},"69":{"start":{"line":189,"column":8},"end":{"line":189,"column":20}},"70":{"start":{"line":190,"column":8},"end":{"line":190,"column":21}},"71":{"start":{"line":192,"column":6},"end":{"line":200,"column":7}},"72":{"start":{"line":193,"column":8},"end":{"line":199,"column":11}},"73":{"start":{"line":194,"column":10},"end":{"line":197,"column":11}},"74":{"start":{"line":195,"column":12},"end":{"line":195,"column":24}},"75":{"start":{"line":196,"column":12},"end":{"line":196,"column":25}},"76":{"start":{"line":198,"column":10},"end":{"line":198,"column":22}},"77":{"start":{"line":201,"column":6},"end":{"line":201,"column":18}},"78":{"start":{"line":204,"column":4},"end":{"line":205,"column":78}},"79":{"start":{"line":205,"column":6},"end":{"line":205,"column":78}},"80":{"start":{"line":207,"column":4},"end":{"line":207,"column":23}},"81":{"start":{"line":208,"column":4},"end":{"line":208,"column":35}},"82":{"start":{"line":210,"column":4},"end":{"line":216,"column":7}},"83":{"start":{"line":218,"column":4},"end":{"line":218,"column":62}},"84":{"start":{"line":220,"column":4},"end":{"line":220,"column":37}},"85":{"start":{"line":221,"column":4},"end":{"line":221,"column":61}},"86":{"start":{"line":227,"column":2},"end":{"line":236,"column":3}},"87":{"start":{"line":228,"column":21},"end":{"line":228,"column":31}},"88":{"start":{"line":229,"column":20},"end":{"line":229,"column":76}},"89":{"start":{"line":230,"column":4},"end":{"line":231,"column":76}},"90":{"start":{"line":231,"column":6},"end":{"line":231,"column":76}},"91":{"start":{"line":232,"column":4},"end":{"line":232,"column":22}},"92":{"start":{"line":234,"column":4},"end":{"line":234,"column":45}},"93":{"start":{"line":235,"column":4},"end":{"line":235,"column":61}},"94":{"start":{"line":241,"column":2},"end":{"line":302,"column":3}},"95":{"start":{"line":242,"column":21},"end":{"line":242,"column":31}},"96":{"start":{"line":243,"column":24},"end":{"line":243,"column":32}},"97":{"start":{"line":245,"column":19},"end":{"line":248,"column":30}},"98":{"start":{"line":250,"column":4},"end":{"line":251,"column":84}},"99":{"start":{"line":251,"column":6},"end":{"line":251,"column":84}},"100":{"start":{"line":253,"column":25},"end":{"line":253,"column":57}},"101":{"start":{"line":254,"column":4},"end":{"line":255,"column":78}},"102":{"start":{"line":255,"column":6},"end":{"line":255,"column":78}},"103":{"start":{"line":257,"column":21},"end":{"line":257,"column":31}},"104":{"start":{"line":258,"column":19},"end":{"line":258,"column":24}},"105":{"start":{"line":260,"column":4},"end":{"line":280,"column":5}},"106":{"start":{"line":261,"column":21},"end":{"line":261,"column":71}},"107":{"start":{"line":261,"column":42},"end":{"line":261,"column":70}},"108":{"start":{"line":262,"column":6},"end":{"line":263,"column":39}},"109":{"start":{"line":262,"column":18},"end":{"line":262,"column":54}},"110":{"start":{"line":263,"column":11},"end":{"line":263,"column":39}},"111":{"start":{"line":264,"column":6},"end":{"line":264,"column":22}},"112":{"start":{"line":265,"column":11},"end":{"line":280,"column":5}},"113":{"start":{"line":266,"column":21},"end":{"line":270,"column":7}},"114":{"start":{"line":268,"column":10},"end":{"line":269,"column":44}},"115":{"start":{"line":271,"column":6},"end":{"line":279,"column":7}},"116":{"start":{"line":272,"column":8},"end":{"line":272,"column":48}},"117":{"start":{"line":273,"column":23},"end":{"line":275,"column":9}},"118":{"start":{"line":274,"column":17},"end":{"line":274,"column":45}},"119":{"start":{"line":276,"column":8},"end":{"line":277,"column":48}},"120":{"start":{"line":276,"column":20},"end":{"line":276,"column":56}},"121":{"start":{"line":277,"column":13},"end":{"line":277,"column":48}},"122":{"start":{"line":278,"column":8},"end":{"line":278,"column":24}},"123":{"start":{"line":282,"column":4},"end":{"line":282,"column":47}},"124":{"start":{"line":282,"column":19},"end":{"line":282,"column":47}},"125":{"start":{"line":283,"column":4},"end":{"line":283,"column":24}},"126":{"start":{"line":285,"column":4},"end":{"line":285,"column":74}},"127":{"start":{"line":287,"column":4},"end":{"line":293,"column":7}},"128":{"start":{"line":295,"column":4},"end":{"line":298,"column":7}},"129":{"start":{"line":300,"column":4},"end":{"line":300,"column":43}},"130":{"start":{"line":301,"column":4},"end":{"line":301,"column":61}},"131":{"start":{"line":306,"column":2},"end":{"line":328,"column":3}},"132":{"start":{"line":307,"column":21},"end":{"line":307,"column":31}},"133":{"start":{"line":310,"column":17},"end":{"line":310,"column":45}},"134":{"start":{"line":311,"column":4},"end":{"line":311,"column":36}},"135":{"start":{"line":311,"column":14},"end":{"line":311,"column":36}},"136":{"start":{"line":314,"column":21},"end":{"line":314,"column":31}},"137":{"start":{"line":316,"column":6},"end":{"line":319,"column":37}},"138":{"start":{"line":316,"column":27},"end":{"line":316,"column":42}},"139":{"start":{"line":318,"column":24},"end":{"line":318,"column":40}},"140":{"start":{"line":319,"column":21},"end":{"line":319,"column":36}},"141":{"start":{"line":321,"column":4},"end":{"line":322,"column":81}},"142":{"start":{"line":322,"column":6},"end":{"line":322,"column":81}},"143":{"start":{"line":324,"column":4},"end":{"line":324,"column":20}},"144":{"start":{"line":326,"column":4},"end":{"line":326,"column":53}},"145":{"start":{"line":327,"column":4},"end":{"line":327,"column":61}}},"fnMap":{"0":{"name":"readJSON","decl":{"start":{"line":9,"column":9},"end":{"line":9,"column":17}},"loc":{"start":{"line":9,"column":20},"end":{"line":16,"column":1}},"line":9},"1":{"name":"writeJSON","decl":{"start":{"line":19,"column":9},"end":{"line":19,"column":18}},"loc":{"start":{"line":19,"column":25},"end":{"line":25,"column":1}},"line":19},"2":{"name":"createUnit","decl":{"start":{"line":28,"column":22},"end":{"line":28,"column":32}},"loc":{"start":{"line":28,"column":43},"end":{"line":131,"column":1}},"line":28},"3":{"name":"(anonymous_3)","decl":{"start":{"line":51,"column":20},"end":{"line":51,"column":21}},"loc":{"start":{"line":51,"column":27},"end":{"line":51,"column":42}},"line":51},"4":{"name":"(anonymous_4)","decl":{"start":{"line":52,"column":20},"end":{"line":52,"column":21}},"loc":{"start":{"line":53,"column":8},"end":{"line":53,"column":55}},"line":53},"5":{"name":"(anonymous_5)","decl":{"start":{"line":53,"column":32},"end":{"line":53,"column":33}},"loc":{"start":{"line":53,"column":39},"end":{"line":53,"column":54}},"line":53},"6":{"name":"(anonymous_6)","decl":{"start":{"line":74,"column":22},"end":{"line":74,"column":23}},"loc":{"start":{"line":74,"column":29},"end":{"line":74,"column":77}},"line":74},"7":{"name":"updateUnit","decl":{"start":{"line":134,"column":22},"end":{"line":134,"column":32}},"loc":{"start":{"line":134,"column":43},"end":{"line":178,"column":1}},"line":134},"8":{"name":"(anonymous_8)","decl":{"start":{"line":146,"column":33},"end":{"line":146,"column":34}},"loc":{"start":{"line":146,"column":40},"end":{"line":146,"column":55}},"line":146},"9":{"name":"deleteUnit","decl":{"start":{"line":181,"column":22},"end":{"line":181,"column":32}},"loc":{"start":{"line":181,"column":43},"end":{"line":223,"column":1}},"line":181},"10":{"name":"(anonymous_10)","decl":{"start":{"line":187,"column":36},"end":{"line":187,"column":37}},"loc":{"start":{"line":187,"column":43},"end":{"line":202,"column":5}},"line":187},"11":{"name":"(anonymous_11)","decl":{"start":{"line":193,"column":39},"end":{"line":193,"column":40}},"loc":{"start":{"line":193,"column":46},"end":{"line":199,"column":9}},"line":193},"12":{"name":"getHistory","decl":{"start":{"line":226,"column":22},"end":{"line":226,"column":32}},"loc":{"start":{"line":226,"column":43},"end":{"line":237,"column":1}},"line":226},"13":{"name":"restoreFromHistory","decl":{"start":{"line":240,"column":22},"end":{"line":240,"column":40}},"loc":{"start":{"line":240,"column":51},"end":{"line":303,"column":1}},"line":240},"14":{"name":"(anonymous_14)","decl":{"start":{"line":261,"column":35},"end":{"line":261,"column":36}},"loc":{"start":{"line":261,"column":42},"end":{"line":261,"column":70}},"line":261},"15":{"name":"(anonymous_15)","decl":{"start":{"line":267,"column":8},"end":{"line":267,"column":9}},"loc":{"start":{"line":268,"column":10},"end":{"line":269,"column":44}},"line":268},"16":{"name":"(anonymous_16)","decl":{"start":{"line":274,"column":10},"end":{"line":274,"column":11}},"loc":{"start":{"line":274,"column":17},"end":{"line":274,"column":45}},"line":274},"17":{"name":"getUnitById","decl":{"start":{"line":305,"column":22},"end":{"line":305,"column":33}},"loc":{"start":{"line":305,"column":44},"end":{"line":329,"column":1}},"line":305},"18":{"name":"(anonymous_18)","decl":{"start":{"line":316,"column":20},"end":{"line":316,"column":21}},"loc":{"start":{"line":316,"column":27},"end":{"line":316,"column":42}},"line":316},"19":{"name":"(anonymous_19)","decl":{"start":{"line":318,"column":17},"end":{"line":318,"column":18}},"loc":{"start":{"line":318,"column":24},"end":{"line":318,"column":40}},"line":318},"20":{"name":"(anonymous_20)","decl":{"start":{"line":319,"column":14},"end":{"line":319,"column":15}},"loc":{"start":{"line":319,"column":21},"end":{"line":319,"column":36}},"line":319}},"branchMap":{"0":{"loc":{"start":{"line":43,"column":4},"end":{"line":44,"column":73}},"type":"if","locations":[{"start":{"line":43,"column":4},"end":{"line":44,"column":73}},{"start":{},"end":{}}],"line":43},"1":{"loc":{"start":{"line":43,"column":8},"end":{"line":43,"column":32}},"type":"binary-expr","locations":[{"start":{"line":43,"column":8},"end":{"line":43,"column":13}},{"start":{"line":43,"column":17},"end":{"line":43,"column":22}},{"start":{"line":43,"column":26},"end":{"line":43,"column":32}}],"line":43},"2":{"loc":{"start":{"line":51,"column":6},"end":{"line":54,"column":7}},"type":"binary-expr","locations":[{"start":{"line":51,"column":6},"end":{"line":51,"column":43}},{"start":{"line":52,"column":6},"end":{"line":54,"column":7}}],"line":51},"3":{"loc":{"start":{"line":53,"column":9},"end":{"line":53,"column":25}},"type":"binary-expr","locations":[{"start":{"line":53,"column":9},"end":{"line":53,"column":19}},{"start":{"line":53,"column":23},"end":{"line":53,"column":25}}],"line":53},"4":{"loc":{"start":{"line":55,"column":4},"end":{"line":56,"column":69}},"type":"if","locations":[{"start":{"line":55,"column":4},"end":{"line":56,"column":69}},{"start":{},"end":{}}],"line":55},"5":{"loc":{"start":{"line":60,"column":4},"end":{"line":91,"column":5}},"type":"if","locations":[{"start":{"line":60,"column":4},"end":{"line":91,"column":5}},{"start":{"line":72,"column":11},"end":{"line":91,"column":5}}],"line":60},"6":{"loc":{"start":{"line":64,"column":21},"end":{"line":64,"column":38}},"type":"binary-expr","locations":[{"start":{"line":64,"column":21},"end":{"line":64,"column":32}},{"start":{"line":64,"column":36},"end":{"line":64,"column":38}}],"line":64},"7":{"loc":{"start":{"line":65,"column":29},"end":{"line":65,"column":68}},"type":"binary-expr","locations":[{"start":{"line":65,"column":29},"end":{"line":65,"column":48}},{"start":{"line":65,"column":52},"end":{"line":65,"column":68}}],"line":65},"8":{"loc":{"start":{"line":66,"column":16},"end":{"line":66,"column":28}},"type":"binary-expr","locations":[{"start":{"line":66,"column":16},"end":{"line":66,"column":22}},{"start":{"line":66,"column":26},"end":{"line":66,"column":28}}],"line":66},"9":{"loc":{"start":{"line":72,"column":11},"end":{"line":91,"column":5}},"type":"if","locations":[{"start":{"line":72,"column":11},"end":{"line":91,"column":5}},{"start":{},"end":{}}],"line":72},"10":{"loc":{"start":{"line":74,"column":29},"end":{"line":74,"column":77}},"type":"binary-expr","locations":[{"start":{"line":74,"column":29},"end":{"line":74,"column":50}},{"start":{"line":74,"column":54},"end":{"line":74,"column":77}}],"line":74},"11":{"loc":{"start":{"line":75,"column":6},"end":{"line":76,"column":89}},"type":"if","locations":[{"start":{"line":75,"column":6},"end":{"line":76,"column":89}},{"start":{},"end":{}}],"line":75},"12":{"loc":{"start":{"line":78,"column":24},"end":{"line":78,"column":45}},"type":"binary-expr","locations":[{"start":{"line":78,"column":24},"end":{"line":78,"column":39}},{"start":{"line":78,"column":43},"end":{"line":78,"column":45}}],"line":78},"13":{"loc":{"start":{"line":82,"column":21},"end":{"line":82,"column":38}},"type":"binary-expr","locations":[{"start":{"line":82,"column":21},"end":{"line":82,"column":32}},{"start":{"line":82,"column":36},"end":{"line":82,"column":38}}],"line":82},"14":{"loc":{"start":{"line":83,"column":29},"end":{"line":83,"column":63}},"type":"binary-expr","locations":[{"start":{"line":83,"column":29},"end":{"line":83,"column":48}},{"start":{"line":83,"column":52},"end":{"line":83,"column":63}}],"line":83},"15":{"loc":{"start":{"line":86,"column":16},"end":{"line":86,"column":28}},"type":"binary-expr","locations":[{"start":{"line":86,"column":16},"end":{"line":86,"column":22}},{"start":{"line":86,"column":26},"end":{"line":86,"column":28}}],"line":86},"16":{"loc":{"start":{"line":93,"column":4},"end":{"line":94,"column":81}},"type":"if","locations":[{"start":{"line":93,"column":4},"end":{"line":94,"column":81}},{"start":{},"end":{}}],"line":93},"17":{"loc":{"start":{"line":104,"column":18},"end":{"line":104,"column":36}},"type":"binary-expr","locations":[{"start":{"line":104,"column":18},"end":{"line":104,"column":28}},{"start":{"line":104,"column":32},"end":{"line":104,"column":36}}],"line":104},"18":{"loc":{"start":{"line":105,"column":16},"end":{"line":105,"column":32}},"type":"binary-expr","locations":[{"start":{"line":105,"column":16},"end":{"line":105,"column":24}},{"start":{"line":105,"column":28},"end":{"line":105,"column":32}}],"line":105},"19":{"loc":{"start":{"line":142,"column":6},"end":{"line":145,"column":7}},"type":"if","locations":[{"start":{"line":142,"column":6},"end":{"line":145,"column":7}},{"start":{},"end":{}}],"line":142},"20":{"loc":{"start":{"line":147,"column":6},"end":{"line":150,"column":7}},"type":"if","locations":[{"start":{"line":147,"column":6},"end":{"line":150,"column":7}},{"start":{},"end":{}}],"line":147},"21":{"loc":{"start":{"line":153,"column":4},"end":{"line":154,"column":81}},"type":"if","locations":[{"start":{"line":153,"column":4},"end":{"line":154,"column":81}},{"start":{},"end":{}}],"line":153},"22":{"loc":{"start":{"line":188,"column":6},"end":{"line":191,"column":7}},"type":"if","locations":[{"start":{"line":188,"column":6},"end":{"line":191,"column":7}},{"start":{},"end":{}}],"line":188},"23":{"loc":{"start":{"line":192,"column":6},"end":{"line":200,"column":7}},"type":"if","locations":[{"start":{"line":192,"column":6},"end":{"line":200,"column":7}},{"start":{},"end":{}}],"line":192},"24":{"loc":{"start":{"line":194,"column":10},"end":{"line":197,"column":11}},"type":"if","locations":[{"start":{"line":194,"column":10},"end":{"line":197,"column":11}},{"start":{},"end":{}}],"line":194},"25":{"loc":{"start":{"line":204,"column":4},"end":{"line":205,"column":78}},"type":"if","locations":[{"start":{"line":204,"column":4},"end":{"line":205,"column":78}},{"start":{},"end":{}}],"line":204},"26":{"loc":{"start":{"line":230,"column":4},"end":{"line":231,"column":76}},"type":"if","locations":[{"start":{"line":230,"column":4},"end":{"line":231,"column":76}},{"start":{},"end":{}}],"line":230},"27":{"loc":{"start":{"line":247,"column":10},"end":{"line":247,"column":41}},"type":"cond-expr","locations":[{"start":{"line":247,"column":20},"end":{"line":247,"column":36}},{"start":{"line":247,"column":39},"end":{"line":247,"column":41}}],"line":247},"28":{"loc":{"start":{"line":250,"column":4},"end":{"line":251,"column":84}},"type":"if","locations":[{"start":{"line":250,"column":4},"end":{"line":251,"column":84}},{"start":{},"end":{}}],"line":250},"29":{"loc":{"start":{"line":253,"column":25},"end":{"line":253,"column":57}},"type":"binary-expr","locations":[{"start":{"line":253,"column":25},"end":{"line":253,"column":39}},{"start":{"line":253,"column":43},"end":{"line":253,"column":57}}],"line":253},"30":{"loc":{"start":{"line":254,"column":4},"end":{"line":255,"column":78}},"type":"if","locations":[{"start":{"line":254,"column":4},"end":{"line":255,"column":78}},{"start":{},"end":{}}],"line":254},"31":{"loc":{"start":{"line":260,"column":4},"end":{"line":280,"column":5}},"type":"if","locations":[{"start":{"line":260,"column":4},"end":{"line":280,"column":5}},{"start":{"line":265,"column":11},"end":{"line":280,"column":5}}],"line":260},"32":{"loc":{"start":{"line":262,"column":6},"end":{"line":263,"column":39}},"type":"if","locations":[{"start":{"line":262,"column":6},"end":{"line":263,"column":39}},{"start":{"line":263,"column":11},"end":{"line":263,"column":39}}],"line":262},"33":{"loc":{"start":{"line":265,"column":11},"end":{"line":280,"column":5}},"type":"if","locations":[{"start":{"line":265,"column":11},"end":{"line":280,"column":5}},{"start":{},"end":{}}],"line":265},"34":{"loc":{"start":{"line":268,"column":10},"end":{"line":269,"column":44}},"type":"binary-expr","locations":[{"start":{"line":268,"column":10},"end":{"line":268,"column":46}},{"start":{"line":269,"column":10},"end":{"line":269,"column":44}}],"line":268},"35":{"loc":{"start":{"line":271,"column":6},"end":{"line":279,"column":7}},"type":"if","locations":[{"start":{"line":271,"column":6},"end":{"line":279,"column":7}},{"start":{},"end":{}}],"line":271},"36":{"loc":{"start":{"line":272,"column":26},"end":{"line":272,"column":47}},"type":"binary-expr","locations":[{"start":{"line":272,"column":26},"end":{"line":272,"column":41}},{"start":{"line":272,"column":45},"end":{"line":272,"column":47}}],"line":272},"37":{"loc":{"start":{"line":276,"column":8},"end":{"line":277,"column":48}},"type":"if","locations":[{"start":{"line":276,"column":8},"end":{"line":277,"column":48}},{"start":{"line":277,"column":13},"end":{"line":277,"column":48}}],"line":276},"38":{"loc":{"start":{"line":282,"column":4},"end":{"line":282,"column":47}},"type":"if","locations":[{"start":{"line":282,"column":4},"end":{"line":282,"column":47}},{"start":{},"end":{}}],"line":282},"39":{"loc":{"start":{"line":311,"column":4},"end":{"line":311,"column":36}},"type":"if","locations":[{"start":{"line":311,"column":4},"end":{"line":311,"column":36}},{"start":{},"end":{}}],"line":311},"40":{"loc":{"start":{"line":316,"column":6},"end":{"line":319,"column":37}},"type":"binary-expr","locations":[{"start":{"line":316,"column":6},"end":{"line":316,"column":43}},{"start":{"line":317,"column":6},"end":{"line":319,"column":37}}],"line":316},"41":{"loc":{"start":{"line":318,"column":24},"end":{"line":318,"column":40}},"type":"binary-expr","locations":[{"start":{"line":318,"column":24},"end":{"line":318,"column":34}},{"start":{"line":318,"column":38},"end":{"line":318,"column":40}}],"line":318},"42":{"loc":{"start":{"line":321,"column":4},"end":{"line":322,"column":81}},"type":"if","locations":[{"start":{"line":321,"column":4},"end":{"line":322,"column":81}},{"start":{},"end":{}}],"line":321}},"s":{"0":1,"1":0,"2":0,"3":0,"4":0,"5":0,"6":0,"7":0,"8":0,"9":0,"10":0,"11":0,"12":0,"13":0,"14":0,"15":0,"16":0,"17":0,"18":0,"19":0,"20":0,"21":0,"22":0,"23":0,"24":0,"25":0,"26":0,"27":0,"28":0,"29":0,"30":0,"31":0,"32":0,"33":0,"34":0,"35":0,"36":0,"37":0,"38":0,"39":0,"40":0,"41":0,"42":0,"43":0,"44":0,"45":0,"46":0,"47":0,"48":0,"49":0,"50":0,"51":0,"52":0,"53":0,"54":0,"55":0,"56":0,"57":0,"58":0,"59":0,"60":0,"61":0,"62":0,"63":0,"64":0,"65":0,"66":0,"67":0,"68":0,"69":0,"70":0,"71":0,"72":0,"73":0,"74":0,"75":0,"76":0,"77":0,"78":0,"79":0,"80":0,"81":0,"82":0,"83":0,"84":0,"85":0,"86":0,"87":0,"88":0,"89":0,"90":0,"91":0,"92":0,"93":0,"94":0,"95":0,"96":0,"97":0,"98":0,"99":0,"100":0,"101":0,"102":0,"103":0,"104":0,"105":0,"106":0,"107":0,"108":0,"109":0,"110":0,"111":0,"112":0,"113":0,"114":0,"115":0,"116":0,"117":0,"118":0,"119":0,"120":0,"121":0,"122":0,"123":0,"124":0,"125":0,"126":0,"127":0,"128":0,"129":0,"130":0,"131":0,"132":0,"133":0,"134":0,"135":0,"136":0,"137":0,"138":0,"139":0,"140":0,"141":0,"142":0,"143":0,"144":0,"145":0},"f":{"0":0,"1":0,"2":0,"3":0,"4":0,"5":0,"6":0,"7":0,"8":0,"9":0,"10":0,"11":0,"12":0,"13":0,"14":0,"15":0,"16":0,"17":0,"18":0,"19":0,"20":0},"b":{"0":[0,0],"1":[0,0,0],"2":[0,0],"3":[0,0],"4":[0,0],"5":[0,0],"6":[0,0],"7":[0,0],"8":[0,0],"9":[0,0],"10":[0,0],"11":[0,0],"12":[0,0],"13":[0,0],"14":[0,0],"15":[0,0],"16":[0,0],"17":[0,0],"18":[0,0],"19":[0,0],"20":[0,0],"21":[0,0],"22":[0,0],"23":[0,0],"24":[0,0],"25":[0,0],"26":[0,0],"27":[0,0],"28":[0,0],"29":[0,0],"30":[0,0],"31":[0,0],"32":[0,0],"33":[0,0],"34":[0,0],"35":[0,0],"36":[0,0],"37":[0,0],"38":[0,0],"39":[0,0],"40":[0,0],"41":[0,0],"42":[0,0]},"inputSourceMap":null,"_coverageSchema":"1a1c01bbd47fc00a2c39e90264f33305004495a9","hash":"e70dd902fe2bf9ecc21bcc46bb21d5051024a5fc"}
,"C:\\Users\\Quy\\Desktop\\AlojoBooking\\AdministrativeBoundaries\\server\\middleware\\errorHandler.js": {"path":"C:\\Users\\Quy\\Desktop\\AlojoBooking\\AdministrativeBoundaries\\server\\middleware\\errorHandler.js","statementMap":{"0":{"start":{"line":10,"column":31},"end":{"line":15,"column":1}},"1":{"start":{"line":11,"column":2},"end":{"line":14,"column":5}},"2":{"start":{"line":18,"column":0},"end":{"line":18,"column":52}},"3":{"start":{"line":24,"column":28},"end":{"line":91,"column":1}},"4":{"start":{"line":26,"column":2},"end":{"line":26,"column":41}},"5":{"start":{"line":29,"column":19},"end":{"line":29,"column":22}},"6":{"start":{"line":30,"column":21},"end":{"line":30,"column":44}},"7":{"start":{"line":33,"column":2},"end":{"line":66,"column":3}},"8":{"start":{"line":34,"column":4},"end":{"line":34,"column":21}},"9":{"start":{"line":35,"column":4},"end":{"line":35,"column":38}},"10":{"start":{"line":36,"column":9},"end":{"line":66,"column":3}},"11":{"start":{"line":37,"column":4},"end":{"line":37,"column":21}},"12":{"start":{"line":38,"column":4},"end":{"line":38,"column":39}},"13":{"start":{"line":39,"column":9},"end":{"line":66,"column":3}},"14":{"start":{"line":40,"column":4},"end":{"line":40,"column":21}},"15":{"start":{"line":41,"column":4},"end":{"line":41,"column":37}},"16":{"start":{"line":42,"column":9},"end":{"line":66,"column":3}},"17":{"start":{"line":43,"column":4},"end":{"line":43,"column":21}},"18":{"start":{"line":44,"column":4},"end":{"line":44,"column":36}},"19":{"start":{"line":45,"column":9},"end":{"line":66,"column":3}},"20":{"start":{"line":46,"column":4},"end":{"line":46,"column":21}},"21":{"start":{"line":47,"column":4},"end":{"line":47,"column":39}},"22":{"start":{"line":48,"column":9},"end":{"line":66,"column":3}},"23":{"start":{"line":49,"column":4},"end":{"line":49,"column":21}},"24":{"start":{"line":50,"column":4},"end":{"line":50,"column":38}},"25":{"start":{"line":51,"column":9},"end":{"line":66,"column":3}},"26":{"start":{"line":52,"column":4},"end":{"line":52,"column":21}},"27":{"start":{"line":53,"column":4},"end":{"line":53,"column":37}},"28":{"start":{"line":54,"column":9},"end":{"line":66,"column":3}},"29":{"start":{"line":55,"column":4},"end":{"line":55,"column":21}},"30":{"start":{"line":56,"column":4},"end":{"line":56,"column":41}},"31":{"start":{"line":57,"column":9},"end":{"line":66,"column":3}},"32":{"start":{"line":58,"column":4},"end":{"line":58,"column":21}},"33":{"start":{"line":59,"column":4},"end":{"line":59,"column":32}},"34":{"start":{"line":60,"column":9},"end":{"line":66,"column":3}},"35":{"start":{"line":61,"column":4},"end":{"line":61,"column":21}},"36":{"start":{"line":62,"column":4},"end":{"line":62,"column":37}},"37":{"start":{"line":63,"column":9},"end":{"line":66,"column":3}},"38":{"start":{"line":64,"column":4},"end":{"line":64,"column":21}},"39":{"start":{"line":65,"column":4},"end":{"line":65,"column":33}},"40":{"start":{"line":69,"column":2},"end":{"line":81,"column":3}},"41":{"start":{"line":70,"column":4},"end":{"line":70,"column":21}},"42":{"start":{"line":71,"column":4},"end":{"line":71,"column":35}},"43":{"start":{"line":72,"column":9},"end":{"line":81,"column":3}},"44":{"start":{"line":73,"column":4},"end":{"line":73,"column":21}},"45":{"start":{"line":74,"column":4},"end":{"line":74,"column":34}},"46":{"start":{"line":75,"column":9},"end":{"line":81,"column":3}},"47":{"start":{"line":76,"column":4},"end":{"line":76,"column":21}},"48":{"start":{"line":77,"column":4},"end":{"line":77,"column":33}},"49":{"start":{"line":78,"column":9},"end":{"line":81,"column":3}},"50":{"start":{"line":79,"column":4},"end":{"line":79,"column":21}},"51":{"start":{"line":80,"column":4},"end":{"line":80,"column":34}},"52":{"start":{"line":84,"column":2},"end":{"line":90,"column":5}},"53":{"start":{"line":94,"column":0},"end":{"line":94,"column":46}}},"fnMap":{"0":{"name":"(anonymous_0)","decl":{"start":{"line":10,"column":31},"end":{"line":10,"column":32}},"loc":{"start":{"line":10,"column":51},"end":{"line":15,"column":1}},"line":10},"1":{"name":"(anonymous_1)","decl":{"start":{"line":24,"column":28},"end":{"line":24,"column":29}},"loc":{"start":{"line":24,"column":53},"end":{"line":91,"column":1}},"line":24}},"branchMap":{"0":{"loc":{"start":{"line":33,"column":2},"end":{"line":66,"column":3}},"type":"if","locations":[{"start":{"line":33,"column":2},"end":{"line":66,"column":3}},{"start":{"line":36,"column":9},"end":{"line":66,"column":3}}],"line":33},"1":{"loc":{"start":{"line":36,"column":9},"end":{"line":66,"column":3}},"type":"if","locations":[{"start":{"line":36,"column":9},"end":{"line":66,"column":3}},{"start":{"line":39,"column":9},"end":{"line":66,"column":3}}],"line":36},"2":{"loc":{"start":{"line":39,"column":9},"end":{"line":66,"column":3}},"type":"if","locations":[{"start":{"line":39,"column":9},"end":{"line":66,"column":3}},{"start":{"line":42,"column":9},"end":{"line":66,"column":3}}],"line":39},"3":{"loc":{"start":{"line":39,"column":13},"end":{"line":39,"column":60}},"type":"binary-expr","locations":[{"start":{"line":39,"column":13},"end":{"line":39,"column":38}},{"start":{"line":39,"column":42},"end":{"line":39,"column":60}}],"line":39},"4":{"loc":{"start":{"line":42,"column":9},"end":{"line":66,"column":3}},"type":"if","locations":[{"start":{"line":42,"column":9},"end":{"line":66,"column":3}},{"start":{"line":45,"column":9},"end":{"line":66,"column":3}}],"line":42},"5":{"loc":{"start":{"line":45,"column":9},"end":{"line":66,"column":3}},"type":"if","locations":[{"start":{"line":45,"column":9},"end":{"line":66,"column":3}},{"start":{"line":48,"column":9},"end":{"line":66,"column":3}}],"line":45},"6":{"loc":{"start":{"line":48,"column":9},"end":{"line":66,"column":3}},"type":"if","locations":[{"start":{"line":48,"column":9},"end":{"line":66,"column":3}},{"start":{"line":51,"column":9},"end":{"line":66,"column":3}}],"line":48},"7":{"loc":{"start":{"line":51,"column":9},"end":{"line":66,"column":3}},"type":"if","locations":[{"start":{"line":51,"column":9},"end":{"line":66,"column":3}},{"start":{"line":54,"column":9},"end":{"line":66,"column":3}}],"line":51},"8":{"loc":{"start":{"line":54,"column":9},"end":{"line":66,"column":3}},"type":"if","locations":[{"start":{"line":54,"column":9},"end":{"line":66,"column":3}},{"start":{"line":57,"column":9},"end":{"line":66,"column":3}}],"line":54},"9":{"loc":{"start":{"line":57,"column":9},"end":{"line":66,"column":3}},"type":"if","locations":[{"start":{"line":57,"column":9},"end":{"line":66,"column":3}},{"start":{"line":60,"column":9},"end":{"line":66,"column":3}}],"line":57},"10":{"loc":{"start":{"line":60,"column":9},"end":{"line":66,"column":3}},"type":"if","locations":[{"start":{"line":60,"column":9},"end":{"line":66,"column":3}},{"start":{"line":63,"column":9},"end":{"line":66,"column":3}}],"line":60},"11":{"loc":{"start":{"line":63,"column":9},"end":{"line":66,"column":3}},"type":"if","locations":[{"start":{"line":63,"column":9},"end":{"line":66,"column":3}},{"start":{},"end":{}}],"line":63},"12":{"loc":{"start":{"line":69,"column":2},"end":{"line":81,"column":3}},"type":"if","locations":[{"start":{"line":69,"column":2},"end":{"line":81,"column":3}},{"start":{"line":72,"column":9},"end":{"line":81,"column":3}}],"line":69},"13":{"loc":{"start":{"line":69,"column":6},"end":{"line":69,"column":39}},"type":"binary-expr","locations":[{"start":{"line":69,"column":6},"end":{"line":69,"column":18}},{"start":{"line":69,"column":22},"end":{"line":69,"column":39}}],"line":69},"14":{"loc":{"start":{"line":72,"column":9},"end":{"line":81,"column":3}},"type":"if","locations":[{"start":{"line":72,"column":9},"end":{"line":81,"column":3}},{"start":{"line":75,"column":9},"end":{"line":81,"column":3}}],"line":72},"15":{"loc":{"start":{"line":75,"column":9},"end":{"line":81,"column":3}},"type":"if","locations":[{"start":{"line":75,"column":9},"end":{"line":81,"column":3}},{"start":{"line":78,"column":9},"end":{"line":81,"column":3}}],"line":75},"16":{"loc":{"start":{"line":78,"column":9},"end":{"line":81,"column":3}},"type":"if","locations":[{"start":{"line":78,"column":9},"end":{"line":81,"column":3}},{"start":{},"end":{}}],"line":78},"17":{"loc":{"start":{"line":78,"column":13},"end":{"line":78,"column":52}},"type":"binary-expr","locations":[{"start":{"line":78,"column":13},"end":{"line":78,"column":36}},{"start":{"line":78,"column":40},"end":{"line":78,"column":52}}],"line":78},"18":{"loc":{"start":{"line":86,"column":8},"end":{"line":89,"column":5}},"type":"binary-expr","locations":[{"start":{"line":86,"column":8},"end":{"line":86,"column":46}},{"start":{"line":86,"column":50},"end":{"line":89,"column":5}}],"line":86}},"s":{"0":1,"1":0,"2":1,"3":1,"4":0,"5":0,"6":0,"7":0,"8":0,"9":0,"10":0,"11":0,"12":0,"13":0,"14":0,"15":0,"16":0,"17":0,"18":0,"19":0,"20":0,"21":0,"22":0,"23":0,"24":0,"25":0,"26":0,"27":0,"28":0,"29":0,"30":0,"31":0,"32":0,"33":0,"34":0,"35":0,"36":0,"37":0,"38":0,"39":0,"40":0,"41":0,"42":0,"43":0,"44":0,"45":0,"46":0,"47":0,"48":0,"49":0,"50":0,"51":0,"52":0,"53":1},"f":{"0":0,"1":0},"b":{"0":[0,0],"1":[0,0],"2":[0,0],"3":[0,0],"4":[0,0],"5":[0,0],"6":[0,0],"7":[0,0],"8":[0,0],"9":[0,0],"10":[0,0],"11":[0,0],"12":[0,0],"13":[0,0],"14":[0,0],"15":[0,0],"16":[0,0],"17":[0,0],"18":[0,0]},"inputSourceMap":null,"_coverageSchema":"1a1c01bbd47fc00a2c39e90264f33305004495a9","hash":"32b3b9b5a5f1e8d8c90fe8e8cb29cf8d1d916ade"}
,"C:\\Users\\Quy\\Desktop\\AlojoBooking\\AdministrativeBoundaries\\server\\models\\Unit.js": {"path":"C:\\Users\\Quy\\Desktop\\AlojoBooking\\AdministrativeBoundaries\\server\\models\\Unit.js","statementMap":{"0":{"start":{"line":3,"column":19},"end":{"line":19,"column":2}}},"fnMap":{},"branchMap":{},"s":{"0":1},"f":{},"b":{},"inputSourceMap":null,"_coverageSchema":"1a1c01bbd47fc00a2c39e90264f33305004495a9","hash":"0363dc90e7a9f9ed9a4215fd477f848414aaca97"}
,"C:\\Users\\Quy\\Desktop\\AlojoBooking\\AdministrativeBoundaries\\server\\models\\UnitHistory.js": {"path":"C:\\Users\\Quy\\Desktop\\AlojoBooking\\AdministrativeBoundaries\\server\\models\\UnitHistory.js","statementMap":{"0":{"start":{"line":3,"column":26},"end":{"line":53,"column":1}},"1":{"start":{"line":56,"column":0},"end":{"line":56,"column":52}}},"fnMap":{},"branchMap":{},"s":{"0":1,"1":1},"f":{},"b":{},"inputSourceMap":null,"_coverageSchema":"1a1c01bbd47fc00a2c39e90264f33305004495a9","hash":"f22092f1b3680d12ccf65861cdaeeceba64cf302"}
,"C:\\Users\\Quy\\Desktop\\AlojoBooking\\AdministrativeBoundaries\\server\\routes\\communes.js": {"path":"C:\\Users\\Quy\\Desktop\\AlojoBooking\\AdministrativeBoundaries\\server\\routes\\communes.js","statementMap":{"0":{"start":{"line":4,"column":15},"end":{"line":4,"column":31}},"1":{"start":{"line":7,"column":0},"end":{"line":7,"column":29}},"2":{"start":{"line":10,"column":0},"end":{"line":10,"column":48}},"3":{"start":{"line":13,"column":0},"end":{"line":13,"column":43}},"4":{"start":{"line":16,"column":0},"end":{"line":16,"column":54}},"5":{"start":{"line":19,"column":0},"end":{"line":19,"column":40}},"6":{"start":{"line":22,"column":0},"end":{"line":22,"column":32}},"7":{"start":{"line":25,"column":0},"end":{"line":25,"column":44}},"8":{"start":{"line":28,"column":0},"end":{"line":28,"column":43}},"9":{"start":{"line":31,"column":0},"end":{"line":31,"column":46}},"10":{"start":{"line":34,"column":0},"end":{"line":34,"column":53}}},"fnMap":{},"branchMap":{},"s":{"0":1,"1":1,"2":1,"3":1,"4":1,"5":1,"6":1,"7":1,"8":1,"9":1,"10":1},"f":{},"b":{},"inputSourceMap":null,"_coverageSchema":"1a1c01bbd47fc00a2c39e90264f33305004495a9","hash":"7c767c2434b956734a8b48b4b313a316cd120432"}
,"C:\\Users\\Quy\\Desktop\\AlojoBooking\\AdministrativeBoundaries\\server\\routes\\convert.js": {"path":"C:\\Users\\Quy\\Desktop\\AlojoBooking\\AdministrativeBoundaries\\server\\routes\\convert.js","statementMap":{"0":{"start":{"line":4,"column":15},"end":{"line":4,"column":23}},"1":{"start":{"line":7,"column":0},"end":{"line":7,"column":33}},"2":{"start":{"line":10,"column":0},"end":{"line":15,"column":3}},"3":{"start":{"line":11,"column":2},"end":{"line":14,"column":5}}},"fnMap":{"0":{"name":"(anonymous_0)","decl":{"start":{"line":10,"column":16},"end":{"line":10,"column":17}},"loc":{"start":{"line":10,"column":30},"end":{"line":15,"column":1}},"line":10}},"branchMap":{},"s":{"0":1,"1":1,"2":1,"3":0},"f":{"0":0},"b":{},"inputSourceMap":null,"_coverageSchema":"1a1c01bbd47fc00a2c39e90264f33305004495a9","hash":"80f04c78dbdb12948cb8970b4db93de3297db2d8"}
,"C:\\Users\\Quy\\Desktop\\AlojoBooking\\AdministrativeBoundaries\\server\\routes\\provinces.js": {"path":"C:\\Users\\Quy\\Desktop\\AlojoBooking\\AdministrativeBoundaries\\server\\routes\\provinces.js","statementMap":{"0":{"start":{"line":4,"column":15},"end":{"line":4,"column":31}},"1":{"start":{"line":5,"column":0},"end":{"line":5,"column":30}}},"fnMap":{},"branchMap":{},"s":{"0":1,"1":1},"f":{},"b":{},"inputSourceMap":null,"_coverageSchema":"1a1c01bbd47fc00a2c39e90264f33305004495a9","hash":"1382bfacfd72a7b9b63bdc854e367346905ce1de"}
,"C:\\Users\\Quy\\Desktop\\AlojoBooking\\AdministrativeBoundaries\\server\\routes\\search.js": {"path":"C:\\Users\\Quy\\Desktop\\AlojoBooking\\AdministrativeBoundaries\\server\\routes\\search.js","statementMap":{"0":{"start":{"line":4,"column":15},"end":{"line":4,"column":23}},"1":{"start":{"line":5,"column":0},"end":{"line":5,"column":29}}},"fnMap":{},"branchMap":{},"s":{"0":1,"1":1},"f":{},"b":{},"inputSourceMap":null,"_coverageSchema":"1a1c01bbd47fc00a2c39e90264f33305004495a9","hash":"2e5cf7efe194a50b7b70ba476e1ec6efde24e08c"}
,"C:\\Users\\Quy\\Desktop\\AlojoBooking\\AdministrativeBoundaries\\server\\routes\\tree.js": {"path":"C:\\Users\\Quy\\Desktop\\AlojoBooking\\AdministrativeBoundaries\\server\\routes\\tree.js","statementMap":{"0":{"start":{"line":4,"column":15},"end":{"line":4,"column":23}},"1":{"start":{"line":5,"column":0},"end":{"line":5,"column":25}}},"fnMap":{},"branchMap":{},"s":{"0":1,"1":1},"f":{},"b":{},"inputSourceMap":null,"_coverageSchema":"1a1c01bbd47fc00a2c39e90264f33305004495a9","hash":"a212a26239aa4ed5ee018bb941b0365ed0de6b63"}
,"C:\\Users\\Quy\\Desktop\\AlojoBooking\\AdministrativeBoundaries\\server\\routes\\units.js": {"path":"C:\\Users\\Quy\\Desktop\\AlojoBooking\\AdministrativeBoundaries\\server\\routes\\units.js","statementMap":{"0":{"start":{"line":11,"column":15},"end":{"line":11,"column":31}},"1":{"start":{"line":18,"column":0},"end":{"line":27,"column":3}},"2":{"start":{"line":19,"column":2},"end":{"line":26,"column":3}},"3":{"start":{"line":20,"column":17},"end":{"line":20,"column":60}},"4":{"start":{"line":21,"column":18},"end":{"line":21,"column":35}},"5":{"start":{"line":22,"column":4},"end":{"line":22,"column":20}},"6":{"start":{"line":24,"column":4},"end":{"line":24,"column":51}},"7":{"start":{"line":25,"column":4},"end":{"line":25,"column":61}},"8":{"start":{"line":34,"column":0},"end":{"line":34,"column":29}},"9":{"start":{"line":41,"column":0},"end":{"line":41,"column":33}},"10":{"start":{"line":48,"column":0},"end":{"line":48,"column":36}},"11":{"start":{"line":55,"column":0},"end":{"line":55,"column":34}},"12":{"start":{"line":62,"column":0},"end":{"line":62,"column":41}},"13":{"start":{"line":69,"column":0},"end":{"line":69,"column":50}}},"fnMap":{"0":{"name":"(anonymous_0)","decl":{"start":{"line":18,"column":16},"end":{"line":18,"column":17}},"loc":{"start":{"line":18,"column":36},"end":{"line":27,"column":1}},"line":18}},"branchMap":{},"s":{"0":1,"1":1,"2":0,"3":0,"4":0,"5":0,"6":0,"7":0,"8":1,"9":1,"10":1,"11":1,"12":1,"13":1},"f":{"0":0},"b":{},"inputSourceMap":null,"_coverageSchema":"1a1c01bbd47fc00a2c39e90264f33305004495a9","hash":"c7892788421d9aff7e49b6dc28eb0e582a45e2a7"}
,"C:\\Users\\Quy\\Desktop\\AlojoBooking\\AdministrativeBoundaries\\server\\utils\\db.js": {"path":"C:\\Users\\Quy\\Desktop\\AlojoBooking\\AdministrativeBoundaries\\server\\utils\\db.js","statementMap":{"0":{"start":{"line":6,"column":0},"end":{"line":6,"column":16}},"1":{"start":{"line":9,"column":14},"end":{"line":9,"column":37}},"2":{"start":{"line":11,"column":2},"end":{"line":14,"column":3}},"3":{"start":{"line":12,"column":4},"end":{"line":12,"column":51}},"4":{"start":{"line":13,"column":4},"end":{"line":13,"column":20}},"5":{"start":{"line":16,"column":2},"end":{"line":22,"column":3}},"6":{"start":{"line":17,"column":17},"end":{"line":17,"column":44}},"7":{"start":{"line":18,"column":4},"end":{"line":18,"column":64}},"8":{"start":{"line":20,"column":4},"end":{"line":20,"column":62}},"9":{"start":{"line":21,"column":4},"end":{"line":21,"column":20}}},"fnMap":{"0":{"name":"connectDB","decl":{"start":{"line":8,"column":22},"end":{"line":8,"column":31}},"loc":{"start":{"line":8,"column":34},"end":{"line":23,"column":1}},"line":8}},"branchMap":{"0":{"loc":{"start":{"line":11,"column":2},"end":{"line":14,"column":3}},"type":"if","locations":[{"start":{"line":11,"column":2},"end":{"line":14,"column":3}},{"start":{},"end":{}}],"line":11}},"s":{"0":1,"1":1,"2":1,"3":0,"4":0,"5":1,"6":1,"7":1,"8":0,"9":0},"f":{"0":1},"b":{"0":[0,1]},"inputSourceMap":null,"_coverageSchema":"1a1c01bbd47fc00a2c39e90264f33305004495a9","hash":"ac73125a003c64bed4655b59ea04a90a4fafedf3"}
}
