{"C:\\Users\\Quy\\Desktop\\AlojoBooking\\AdministrativeBoundaries\\server\\utils\\db.js": {"path":"C:\\Users\\Quy\\Desktop\\AlojoBooking\\AdministrativeBoundaries\\server\\utils\\db.js","statementMap":{"0":{"start":{"line":6,"column":0},"end":{"line":6,"column":16}},"1":{"start":{"line":9,"column":14},"end":{"line":9,"column":37}},"2":{"start":{"line":11,"column":2},"end":{"line":14,"column":3}},"3":{"start":{"line":12,"column":4},"end":{"line":12,"column":51}},"4":{"start":{"line":13,"column":4},"end":{"line":13,"column":20}},"5":{"start":{"line":16,"column":2},"end":{"line":22,"column":3}},"6":{"start":{"line":17,"column":17},"end":{"line":17,"column":44}},"7":{"start":{"line":18,"column":4},"end":{"line":18,"column":64}},"8":{"start":{"line":20,"column":4},"end":{"line":20,"column":62}},"9":{"start":{"line":21,"column":4},"end":{"line":21,"column":20}}},"fnMap":{"0":{"name":"connectDB","decl":{"start":{"line":8,"column":22},"end":{"line":8,"column":31}},"loc":{"start":{"line":8,"column":34},"end":{"line":23,"column":1}},"line":8}},"branchMap":{"0":{"loc":{"start":{"line":11,"column":2},"end":{"line":14,"column":3}},"type":"if","locations":[{"start":{"line":11,"column":2},"end":{"line":14,"column":3}},{"start":{},"end":{}}],"line":11}},"s":{"0":1,"1":22,"2":22,"3":3,"4":3,"5":22,"6":22,"7":13,"8":13,"9":13},"f":{"0":22},"b":{"0":[3,19]},"inputSourceMap":null,"_coverageSchema":"1a1c01bbd47fc00a2c39e90264f33305004495a9","hash":"ac73125a003c64bed4655b59ea04a90a4fafedf3"}
,"C:\\Users\\Quy\\Desktop\\AlojoBooking\\AdministrativeBoundaries\\server\\utils\\finder.js": {"path":"C:\\Users\\Quy\\Desktop\\AlojoBooking\\AdministrativeBoundaries\\server\\utils\\finder.js","statementMap":{"0":{"start":{"line":8,"column":2},"end":{"line":10,"column":3}},"1":{"start":{"line":9,"column":4},"end":{"line":9,"column":46}},"2":{"start":{"line":12,"column":14},"end":{"line":12,"column":16}},"3":{"start":{"line":13,"column":16},"end":{"line":13,"column":18}},"4":{"start":{"line":16,"column":2},"end":{"line":18,"column":3}},"5":{"start":{"line":17,"column":4},"end":{"line":17,"column":47}},"6":{"start":{"line":21,"column":2},"end":{"line":28,"column":3}},"7":{"start":{"line":22,"column":4},"end":{"line":27,"column":5}},"8":{"start":{"line":23,"column":6},"end":{"line":23,"column":57}},"9":{"start":{"line":26,"column":6},"end":{"line":26,"column":33}},"10":{"start":{"line":30,"column":2},"end":{"line":30,"column":15}}},"fnMap":{"0":{"name":"buildTree","decl":{"start":{"line":6,"column":16},"end":{"line":6,"column":25}},"loc":{"start":{"line":6,"column":33},"end":{"line":31,"column":1}},"line":6}},"branchMap":{"0":{"loc":{"start":{"line":8,"column":2},"end":{"line":10,"column":3}},"type":"if","locations":[{"start":{"line":8,"column":2},"end":{"line":10,"column":3}},{"start":{},"end":{}}],"line":8},"1":{"loc":{"start":{"line":22,"column":4},"end":{"line":27,"column":5}},"type":"if","locations":[{"start":{"line":22,"column":4},"end":{"line":27,"column":5}},{"start":{"line":24,"column":11},"end":{"line":27,"column":5}}],"line":22},"2":{"loc":{"start":{"line":22,"column":8},"end":{"line":22,"column":47}},"type":"binary-expr","locations":[{"start":{"line":22,"column":8},"end":{"line":22,"column":23}},{"start":{"line":22,"column":27},"end":{"line":22,"column":47}}],"line":22}},"s":{"0":24,"1":5,"2":19,"3":19,"4":19,"5":1147,"6":17,"7":1143,"8":1025,"9":118,"10":17},"f":{"0":24},"b":{"0":[5,19],"1":[1025,118],"2":[1143,1026]},"inputSourceMap":null,"_coverageSchema":"1a1c01bbd47fc00a2c39e90264f33305004495a9","hash":"d27400fa00bef334645d153828881816a9752548"}
,"C:\\Users\\Quy\\Desktop\\AlojoBooking\\AdministrativeBoundaries\\server\\utils\\loader.js": {"path":"C:\\Users\\Quy\\Desktop\\AlojoBooking\\AdministrativeBoundaries\\server\\utils\\loader.js","statementMap":{"0":{"start":{"line":4,"column":14},"end":{"line":4,"column":65}},"1":{"start":{"line":5,"column":2},"end":{"line":5,"column":25}}},"fnMap":{"0":{"name":"loadData","decl":{"start":{"line":3,"column":16},"end":{"line":3,"column":24}},"loc":{"start":{"line":3,"column":27},"end":{"line":6,"column":1}},"line":3}},"branchMap":{},"s":{"0":23,"1":21},"f":{"0":23},"b":{},"inputSourceMap":null,"_coverageSchema":"1a1c01bbd47fc00a2c39e90264f33305004495a9","hash":"027a88a23b7028d80fe4b2d44d421df02e431b43"}
,"C:\\Users\\Quy\\Desktop\\AlojoBooking\\AdministrativeBoundaries\\utils\\file.js": {"path":"C:\\Users\\Quy\\Desktop\\AlojoBooking\\AdministrativeBoundaries\\utils\\file.js","statementMap":{"0":{"start":{"line":4,"column":2},"end":{"line":4,"column":56}},"1":{"start":{"line":8,"column":2},"end":{"line":8,"column":51}}},"fnMap":{"0":{"name":"saveJSON","decl":{"start":{"line":3,"column":16},"end":{"line":3,"column":24}},"loc":{"start":{"line":3,"column":37},"end":{"line":5,"column":1}},"line":3},"1":{"name":"loadJSON","decl":{"start":{"line":7,"column":16},"end":{"line":7,"column":24}},"loc":{"start":{"line":7,"column":31},"end":{"line":9,"column":1}},"line":7}},"branchMap":{},"s":{"0":17,"1":21},"f":{"0":17,"1":21},"b":{},"inputSourceMap":null,"_coverageSchema":"1a1c01bbd47fc00a2c39e90264f33305004495a9","hash":"ae942c14111cee02ebeb5be87de3f8fc954daa8c"}
,"C:\\Users\\Quy\\Desktop\\AlojoBooking\\AdministrativeBoundaries\\utils\\logger.js": {"path":"C:\\Users\\Quy\\Desktop\\AlojoBooking\\AdministrativeBoundaries\\utils\\logger.js","statementMap":{"0":{"start":{"line":4,"column":17},"end":{"line":4,"column":47}},"1":{"start":{"line":7,"column":20},"end":{"line":7,"column":44}},"2":{"start":{"line":8,"column":15},"end":{"line":8,"column":44}},"3":{"start":{"line":9,"column":2},"end":{"line":9,"column":36}},"4":{"start":{"line":10,"column":2},"end":{"line":10,"column":27}},"5":{"start":{"line":13,"column":23},"end":{"line":13,"column":51}},"6":{"start":{"line":13,"column":32},"end":{"line":13,"column":51}},"7":{"start":{"line":14,"column":24},"end":{"line":14,"column":53}},"8":{"start":{"line":14,"column":33},"end":{"line":14,"column":53}}},"fnMap":{"0":{"name":"log","decl":{"start":{"line":6,"column":9},"end":{"line":6,"column":12}},"loc":{"start":{"line":6,"column":22},"end":{"line":11,"column":1}},"line":6},"1":{"name":"(anonymous_1)","decl":{"start":{"line":13,"column":23},"end":{"line":13,"column":24}},"loc":{"start":{"line":13,"column":32},"end":{"line":13,"column":51}},"line":13},"2":{"name":"(anonymous_2)","decl":{"start":{"line":14,"column":24},"end":{"line":14,"column":25}},"loc":{"start":{"line":14,"column":33},"end":{"line":14,"column":53}},"line":14}},"branchMap":{},"s":{"0":1,"1":160,"2":160,"3":160,"4":156,"5":1,"6":137,"7":1,"8":23},"f":{"0":160,"1":137,"2":23},"b":{},"inputSourceMap":null,"_coverageSchema":"1a1c01bbd47fc00a2c39e90264f33305004495a9","hash":"8dbd2e404e5f96eb5d1f6128a6624ea52252be6f"}
}
