TN:
SF:server\controllers\communeController.js
FN:10,getCommunes
FN:18,(anonymous_1)
FN:35,(anonymous_2)
FN:39,(anonymous_3)
FN:45,(anonymous_4)
FN:46,(anonymous_5)
FN:59,(anonymous_6)
FN:60,(anonymous_7)
FNF:8
FNH:0
FNDA:0,getCommunes
FNDA:0,(anonymous_1)
FNDA:0,(anonymous_2)
FNDA:0,(anonymous_3)
FNDA:0,(anonymous_4)
FNDA:0,(anonymous_5)
FNDA:0,(anonymous_6)
FNDA:0,(anonymous_7)
DA:6,1
DA:7,1
DA:8,1
DA:11,0
DA:12,0
DA:15,0
DA:16,0
DA:17,0
DA:18,0
DA:19,0
DA:21,0
DA:24,0
DA:25,0
DA:26,0
DA:30,0
DA:31,0
DA:32,0
DA:34,0
DA:35,0
DA:36,0
DA:38,0
DA:39,0
DA:40,0
DA:42,0
DA:44,0
DA:45,0
DA:46,0
DA:47,0
DA:50,0
DA:53,0
DA:54,0
DA:55,0
DA:56,0
DA:58,0
DA:59,0
DA:60,0
DA:61,0
DA:64,0
DA:66,0
DA:67,0
LF:40
LH:3
BRDA:16,0,0,0
BRDA:16,0,1,0
BRDA:24,1,0,0
BRDA:24,1,1,0
BRDA:34,2,0,0
BRDA:34,2,1,0
BRDA:36,3,0,0
BRDA:36,3,1,0
BRDA:40,4,0,0
BRDA:40,4,1,0
BRDA:47,5,0,0
BRDA:47,5,1,0
BRDA:61,6,0,0
BRDA:61,6,1,0
BRF:14
BRH:0
end_of_record
TN:
SF:server\controllers\convertController.js
FN:11,normalize
FN:20,convertAddress
FN:26,(anonymous_2)
FN:65,(anonymous_3)
FN:72,(anonymous_4)
FNF:5
FNH:0
FNDA:0,normalize
FNDA:0,convertAddress
FNDA:0,(anonymous_2)
FNDA:0,(anonymous_3)
FNDA:0,(anonymous_4)
DA:6,1
DA:7,1
DA:8,1
DA:12,0
DA:21,0
DA:22,0
DA:23,0
DA:24,0
DA:26,0
DA:27,0
DA:28,0
DA:32,0
DA:33,0
DA:34,0
DA:36,0
DA:41,0
DA:46,0
DA:47,0
DA:48,0
DA:58,0
DA:59,0
DA:60,0
DA:61,0
DA:63,0
DA:66,0
DA:69,0
DA:70,0
DA:73,0
DA:81,0
DA:94,0
DA:95,0
LF:31
LH:3
BRDA:23,0,0,0
BRDA:23,0,1,0
BRDA:27,1,0,0
BRDA:27,1,1,0
BRDA:47,2,0,0
BRDA:47,2,1,0
BRDA:58,3,0,0
BRDA:58,3,1,0
BRDA:58,4,0,0
BRDA:58,4,1,0
BRDA:64,5,0,0
BRDA:64,5,1,0
BRDA:69,6,0,0
BRDA:69,6,1,0
BRDA:69,7,0,0
BRDA:69,7,1,0
BRDA:71,8,0,0
BRDA:71,8,1,0
BRDA:84,9,0,0
BRDA:84,9,1,0
BRDA:85,10,0,0
BRDA:85,10,1,0
BRDA:88,11,0,0
BRDA:88,11,1,0
BRDA:89,12,0,0
BRDA:89,12,1,0
BRDA:91,13,0,0
BRDA:91,13,1,0
BRF:28
BRH:0
end_of_record
TN:
SF:server\controllers\provinceController.js
FN:11,getProvinces
FN:26,(anonymous_1)
FN:38,(anonymous_2)
FNF:3
FNH:0
FNDA:0,getProvinces
FNDA:0,(anonymous_1)
FNDA:0,(anonymous_2)
DA:7,1
DA:8,1
DA:9,1
DA:12,0
DA:14,0
DA:16,0
DA:17,0
DA:18,0
DA:22,0
DA:23,0
DA:24,0
DA:25,0
DA:26,0
DA:33,0
DA:34,0
DA:35,0
DA:36,0
DA:37,0
DA:38,0
DA:45,0
DA:46,0
LF:21
LH:3
BRDA:16,0,0,0
BRDA:16,0,1,0
BRF:2
BRH:0
end_of_record
TN:
SF:server\controllers\searchController.js
FN:6,searchUnits
FNF:1
FNH:0
FNDA:0,searchUnits
DA:7,0
DA:8,0
DA:9,0
DA:11,0
DA:12,0
DA:13,0
DA:15,0
DA:16,0
DA:18,0
DA:19,0
LF:10
LH:0
BRDA:11,0,0,0
BRDA:11,0,1,0
BRDA:12,1,0,0
BRDA:12,1,1,0
BRDA:13,2,0,0
BRDA:13,2,1,0
BRF:6
BRH:0
end_of_record
TN:
SF:server\controllers\treeController.js
FN:7,getTree
FNF:1
FNH:0
FNDA:0,getTree
DA:8,0
DA:9,0
DA:10,0
DA:13,0
DA:14,0
DA:16,0
DA:17,0
DA:18,0
DA:19,0
DA:20,0
DA:24,0
DA:26,0
DA:27,0
LF:13
LH:0
BRDA:17,0,0,0
BRDA:17,0,1,0
BRDA:17,1,0,0
BRDA:17,1,1,0
BRDA:19,2,0,0
BRDA:19,2,1,0
BRF:6
BRH:0
end_of_record
TN:
SF:server\controllers\unitController.js
FN:9,readJSON
FN:19,writeJSON
FN:28,createUnit
FN:51,(anonymous_3)
FN:52,(anonymous_4)
FN:53,(anonymous_5)
FN:74,(anonymous_6)
FN:134,updateUnit
FN:146,(anonymous_8)
FN:181,deleteUnit
FN:187,(anonymous_10)
FN:193,(anonymous_11)
FN:226,getHistory
FN:240,restoreFromHistory
FN:261,(anonymous_14)
FN:267,(anonymous_15)
FN:274,(anonymous_16)
FN:305,getUnitById
FN:316,(anonymous_18)
FN:318,(anonymous_19)
FN:319,(anonymous_20)
FNF:21
FNH:6
FNDA:19,readJSON
FNDA:19,writeJSON
FNDA:17,createUnit
FNDA:0,(anonymous_3)
FNDA:0,(anonymous_4)
FNDA:0,(anonymous_5)
FNDA:0,(anonymous_6)
FNDA:1,updateUnit
FNDA:0,(anonymous_8)
FNDA:1,deleteUnit
FNDA:1,(anonymous_10)
FNDA:0,(anonymous_11)
FNDA:0,getHistory
FNDA:0,restoreFromHistory
FNDA:0,(anonymous_14)
FNDA:0,(anonymous_15)
FNDA:0,(anonymous_16)
FNDA:0,getUnitById
FNDA:0,(anonymous_18)
FNDA:0,(anonymous_19)
FNDA:0,(anonymous_20)
DA:6,1
DA:10,19
DA:11,19
DA:13,0
DA:14,0
DA:20,19
DA:21,19
DA:23,10
DA:29,17
DA:41,17
DA:43,17
DA:44,0
DA:47,17
DA:51,17
DA:53,0
DA:55,17
DA:56,0
DA:59,17
DA:60,17
DA:61,17
DA:71,17
DA:72,0
DA:74,0
DA:75,0
DA:76,0
DA:78,0
DA:79,0
DA:90,0
DA:93,17
DA:94,0
DA:97,17
DA:100,17
DA:115,17
DA:123,17
DA:128,0
DA:129,0
DA:135,1
DA:136,1
DA:137,1
DA:138,1
DA:140,1
DA:141,1
DA:142,1
DA:143,1
DA:144,1
DA:146,0
DA:147,0
DA:148,0
DA:149,0
DA:153,1
DA:154,0
DA:156,1
DA:157,1
DA:158,1
DA:160,1
DA:165,1
DA:173,1
DA:175,0
DA:176,0
DA:182,1
DA:183,1
DA:184,1
DA:185,1
DA:187,1
DA:188,1
DA:189,1
DA:190,1
DA:192,0
DA:193,0
DA:194,0
DA:195,0
DA:196,0
DA:198,0
DA:201,0
DA:204,1
DA:205,0
DA:207,1
DA:208,1
DA:210,1
DA:218,1
DA:220,0
DA:221,0
DA:227,0
DA:228,0
DA:229,0
DA:230,0
DA:231,0
DA:232,0
DA:234,0
DA:235,0
DA:241,0
DA:242,0
DA:243,0
DA:245,0
DA:250,0
DA:251,0
DA:253,0
DA:254,0
DA:255,0
DA:257,0
DA:258,0
DA:260,0
DA:261,0
DA:262,0
DA:263,0
DA:264,0
DA:265,0
DA:266,0
DA:268,0
DA:271,0
DA:272,0
DA:273,0
DA:274,0
DA:276,0
DA:277,0
DA:278,0
DA:282,0
DA:283,0
DA:285,0
DA:287,0
DA:295,0
DA:300,0
DA:301,0
DA:306,0
DA:307,0
DA:310,0
DA:311,0
DA:314,0
DA:316,0
DA:318,0
DA:319,0
DA:321,0
DA:322,0
DA:324,0
DA:326,0
DA:327,0
LF:136
LH:50
BRDA:43,0,0,0
BRDA:43,0,1,17
BRDA:43,1,0,17
BRDA:43,1,1,17
BRDA:43,1,2,17
BRDA:51,2,0,17
BRDA:51,2,1,17
BRDA:53,3,0,0
BRDA:53,3,1,0
BRDA:55,4,0,0
BRDA:55,4,1,17
BRDA:60,5,0,17
BRDA:60,5,1,0
BRDA:64,6,0,17
BRDA:64,6,1,17
BRDA:65,7,0,17
BRDA:65,7,1,0
BRDA:66,8,0,17
BRDA:66,8,1,17
BRDA:72,9,0,0
BRDA:72,9,1,0
BRDA:74,10,0,0
BRDA:74,10,1,0
BRDA:75,11,0,0
BRDA:75,11,1,0
BRDA:78,12,0,0
BRDA:78,12,1,0
BRDA:82,13,0,0
BRDA:82,13,1,0
BRDA:83,14,0,0
BRDA:83,14,1,0
BRDA:86,15,0,0
BRDA:86,15,1,0
BRDA:93,16,0,0
BRDA:93,16,1,17
BRDA:104,17,0,17
BRDA:104,17,1,17
BRDA:105,18,0,17
BRDA:105,18,1,17
BRDA:142,19,0,1
BRDA:142,19,1,0
BRDA:147,20,0,0
BRDA:147,20,1,0
BRDA:153,21,0,0
BRDA:153,21,1,1
BRDA:188,22,0,1
BRDA:188,22,1,0
BRDA:192,23,0,0
BRDA:192,23,1,0
BRDA:194,24,0,0
BRDA:194,24,1,0
BRDA:204,25,0,0
BRDA:204,25,1,1
BRDA:230,26,0,0
BRDA:230,26,1,0
BRDA:247,27,0,0
BRDA:247,27,1,0
BRDA:250,28,0,0
BRDA:250,28,1,0
BRDA:253,29,0,0
BRDA:253,29,1,0
BRDA:254,30,0,0
BRDA:254,30,1,0
BRDA:260,31,0,0
BRDA:260,31,1,0
BRDA:262,32,0,0
BRDA:262,32,1,0
BRDA:265,33,0,0
BRDA:265,33,1,0
BRDA:268,34,0,0
BRDA:268,34,1,0
BRDA:271,35,0,0
BRDA:271,35,1,0
BRDA:272,36,0,0
BRDA:272,36,1,0
BRDA:276,37,0,0
BRDA:276,37,1,0
BRDA:282,38,0,0
BRDA:282,38,1,0
BRDA:311,39,0,0
BRDA:311,39,1,0
BRDA:316,40,0,0
BRDA:316,40,1,0
BRDA:318,41,0,0
BRDA:318,41,1,0
BRDA:321,42,0,0
BRDA:321,42,1,0
BRF:87
BRH:22
end_of_record
TN:
SF:server\models\Unit.js
FNF:0
FNH:0
DA:3,1
LF:1
LH:1
BRF:0
BRH:0
end_of_record
TN:
SF:server\models\UnitHistory.js
FNF:0
FNH:0
DA:3,1
DA:56,1
LF:2
LH:2
BRF:0
BRH:0
end_of_record
TN:
SF:server\routes\communes.js
FNF:0
FNH:0
DA:4,1
DA:7,1
DA:10,1
LF:3
LH:3
BRF:0
BRH:0
end_of_record
TN:
SF:server\routes\convert.js
FN:10,(anonymous_0)
FNF:1
FNH:0
FNDA:0,(anonymous_0)
DA:4,1
DA:7,1
DA:10,1
DA:11,0
LF:4
LH:3
BRF:0
BRH:0
end_of_record
TN:
SF:server\routes\provinces.js
FNF:0
FNH:0
DA:4,1
DA:5,1
LF:2
LH:2
BRF:0
BRH:0
end_of_record
TN:
SF:server\routes\search.js
FNF:0
FNH:0
DA:4,1
DA:5,1
LF:2
LH:2
BRF:0
BRH:0
end_of_record
TN:
SF:server\routes\tree.js
FNF:0
FNH:0
DA:4,1
DA:5,1
LF:2
LH:2
BRF:0
BRH:0
end_of_record
TN:
SF:server\routes\units.js
FN:18,(anonymous_0)
FNF:1
FNH:0
FNDA:0,(anonymous_0)
DA:11,1
DA:18,1
DA:19,0
DA:20,0
DA:21,0
DA:22,0
DA:24,0
DA:25,0
DA:34,1
DA:41,1
DA:48,1
DA:55,1
DA:62,1
DA:69,1
LF:14
LH:8
BRF:0
BRH:0
end_of_record
TN:
SF:server\utils\db.js
FN:8,connectDB
FNF:1
FNH:1
FNDA:1,connectDB
DA:6,1
DA:9,1
DA:11,1
DA:12,0
DA:13,0
DA:16,1
DA:17,1
DA:18,1
DA:20,0
DA:21,0
LF:10
LH:6
BRDA:11,0,0,0
BRDA:11,0,1,1
BRF:2
BRH:1
end_of_record
