TN:
SF:server\controllers\communeController.js
FN:11,getCommunes
FN:32,(anonymous_1)
FN:71,(anonymous_2)
FN:80,(anonymous_3)
FN:86,(anonymous_4)
FN:92,(anonymous_5)
FN:105,(anonymous_6)
FN:111,(anonymous_7)
FN:123,updateCommune
FN:173,createCommune
FN:230,deleteCommune
FN:321,(anonymous_11)
FN:326,(anonymous_12)
FN:368,restoreCommune
FN:417,(anonymous_14)
FN:424,(anonymous_15)
FN:473,getDeletedCommunes
FN:487,(anonymous_17)
FN:505,getHistoryCommunes
FN:518,(anonymous_19)
FN:538,getHistoryByCode
FN:561,(anonymous_21)
FNF:22
FNH:10
FNDA:12,getCommunes
FNDA:2,(anonymous_1)
FNDA:0,(anonymous_2)
FNDA:0,(anonymous_3)
FNDA:34,(anonymous_4)
FNDA:0,(anonymous_5)
FNDA:68,(anonymous_6)
FNDA:0,(anonymous_7)
FNDA:2,updateCommune
FNDA:5,createCommune
FNDA:2,deleteCommune
FNDA:3321,(anonymous_11)
FNDA:0,(anonymous_12)
FNDA:0,restoreCommune
FNDA:0,(anonymous_14)
FNDA:0,(anonymous_15)
FNDA:0,getDeletedCommunes
FNDA:0,(anonymous_17)
FNDA:2,getHistoryCommunes
FNDA:2,(anonymous_19)
FNDA:0,getHistoryByCode
FNDA:0,(anonymous_21)
DA:7,8
DA:8,8
DA:9,8
DA:12,12
DA:13,12
DA:16,12
DA:17,12
DA:19,4
DA:21,4
DA:23,2
DA:30,1
DA:31,1
DA:32,2
DA:33,1
DA:41,2
DA:46,2
DA:48,0
DA:50,2
DA:54,8
DA:60,8
DA:61,5
DA:62,5
DA:66,3
DA:67,3
DA:68,2
DA:70,1
DA:71,0
DA:72,0
DA:74,0
DA:76,0
DA:77,0
DA:80,0
DA:81,0
DA:83,0
DA:85,1
DA:86,1
DA:88,34
DA:89,34
DA:92,34
DA:93,0
DA:96,1
DA:99,4
DA:100,4
DA:101,4
DA:102,3
DA:104,2
DA:105,2
DA:107,68
DA:108,68
DA:111,68
DA:112,0
DA:115,2
DA:117,2
DA:118,2
DA:124,2
DA:125,2
DA:127,2
DA:128,2
DA:131,2
DA:133,2
DA:134,1
DA:135,1
DA:138,1
DA:141,1
DA:142,1
DA:143,1
DA:144,1
DA:145,1
DA:147,1
DA:149,1
DA:151,1
DA:157,1
DA:158,1
DA:165,0
DA:166,0
DA:174,5
DA:175,5
DA:178,5
DA:179,5
DA:182,5
DA:185,5
DA:187,5
DA:188,2
DA:189,2
DA:195,3
DA:198,3
DA:214,3
DA:215,3
DA:222,0
DA:223,0
DA:231,2
DA:232,2
DA:234,2
DA:237,2
DA:239,2
DA:240,1
DA:241,1
DA:247,1
DA:250,1
DA:274,1
DA:275,1
DA:278,1
DA:279,1
DA:281,1
DA:282,1
DA:283,1
DA:284,1
DA:287,0
DA:290,1
DA:311,1
DA:312,1
DA:315,1
DA:316,1
DA:319,1
DA:320,34
DA:321,3321
DA:323,34
DA:324,0
DA:325,0
DA:326,0
DA:332,1
DA:335,1
DA:347,1
DA:348,1
DA:360,0
DA:361,0
DA:369,0
DA:370,0
DA:372,0
DA:375,0
DA:381,0
DA:382,0
DA:383,0
DA:389,0
DA:392,0
DA:409,0
DA:410,0
DA:413,0
DA:414,0
DA:417,0
DA:418,0
DA:419,0
DA:420,0
DA:424,0
DA:425,0
DA:426,0
DA:435,0
DA:436,0
DA:441,0
DA:452,0
DA:453,0
DA:465,0
DA:466,0
DA:474,0
DA:475,0
DA:478,0
DA:483,0
DA:484,0
DA:487,0
DA:497,0
DA:498,0
DA:506,2
DA:507,2
DA:510,2
DA:514,2
DA:515,2
DA:518,2
DA:530,0
DA:531,0
DA:539,0
DA:540,0
DA:542,0
DA:545,0
DA:549,0
DA:550,0
DA:556,0
DA:557,0
DA:561,0
DA:572,0
DA:573,0
LF:180
LH:111
BRDA:17,0,0,4
BRDA:17,0,1,8
BRDA:21,1,0,2
BRDA:21,1,1,2
BRDA:30,2,0,1
BRDA:30,2,1,0
BRDA:46,3,0,0
BRDA:46,3,1,2
BRDA:60,4,0,5
BRDA:60,4,1,3
BRDA:70,5,0,0
BRDA:70,5,1,1
BRDA:72,6,0,0
BRDA:72,6,1,0
BRDA:76,7,0,0
BRDA:76,7,1,0
BRDA:76,8,0,0
BRDA:76,8,1,0
BRDA:81,9,0,0
BRDA:81,9,1,0
BRDA:88,10,0,34
BRDA:88,10,1,0
BRDA:88,11,0,34
BRDA:88,11,1,34
BRDA:93,12,0,0
BRDA:93,12,1,0
BRDA:107,13,0,68
BRDA:107,13,1,0
BRDA:107,14,0,68
BRDA:107,14,1,68
BRDA:112,15,0,0
BRDA:112,15,1,0
BRDA:133,16,0,1
BRDA:133,16,1,1
BRDA:142,17,0,1
BRDA:142,17,1,0
BRDA:143,18,0,1
BRDA:143,18,1,0
BRDA:144,19,0,1
BRDA:144,19,1,0
BRDA:145,20,0,0
BRDA:145,20,1,1
BRDA:182,21,0,5
BRDA:182,21,1,3
BRDA:187,22,0,2
BRDA:187,22,1,3
BRDA:201,23,0,3
BRDA:201,23,1,1
BRDA:202,24,0,3
BRDA:202,24,1,2
BRDA:203,25,0,3
BRDA:203,25,1,1
BRDA:205,26,0,3
BRDA:205,26,1,3
BRDA:207,27,0,3
BRDA:207,27,1,1
BRDA:239,28,0,1
BRDA:239,28,1,1
BRDA:283,29,0,1
BRDA:283,29,1,0
BRDA:320,30,0,34
BRDA:320,30,1,0
BRDA:323,31,0,0
BRDA:323,31,1,34
BRDA:325,32,0,0
BRDA:325,32,1,0
BRDA:381,33,0,0
BRDA:381,33,1,0
BRDA:418,34,0,0
BRDA:418,34,1,0
BRDA:419,35,0,0
BRDA:419,35,1,0
BRDA:425,36,0,0
BRDA:425,36,1,0
BRDA:549,37,0,0
BRDA:549,37,1,0
BRF:76
BRH:40
end_of_record
TN:
SF:server\controllers\convertController.js
FN:11,normalize
FN:20,convertAddress
FN:26,(anonymous_2)
FN:65,(anonymous_3)
FN:72,(anonymous_4)
FNF:5
FNH:5
FNDA:44,normalize
FNDA:25,convertAddress
FNDA:48,(anonymous_2)
FNDA:35,(anonymous_3)
FNDA:4,(anonymous_4)
DA:6,8
DA:7,8
DA:8,8
DA:12,44
DA:21,25
DA:22,25
DA:23,25
DA:24,2
DA:26,48
DA:27,23
DA:28,1
DA:32,22
DA:33,22
DA:34,22
DA:36,22
DA:41,22
DA:46,20
DA:47,20
DA:48,16
DA:58,20
DA:59,9
DA:60,9
DA:61,8
DA:63,7
DA:66,35
DA:69,7
DA:70,1
DA:73,4
DA:81,18
DA:94,4
DA:95,4
LF:31
LH:31
BRDA:23,0,0,2
BRDA:23,0,1,23
BRDA:27,1,0,1
BRDA:27,1,1,22
BRDA:47,2,0,16
BRDA:47,2,1,4
BRDA:58,3,0,9
BRDA:58,3,1,11
BRDA:58,4,0,20
BRDA:58,4,1,16
BRDA:64,5,0,7
BRDA:64,5,1,2
BRDA:69,6,0,1
BRDA:69,6,1,6
BRDA:69,7,0,7
BRDA:69,7,1,6
BRDA:71,8,0,1
BRDA:71,8,1,1
BRDA:84,9,0,18
BRDA:84,9,1,1
BRDA:85,10,0,18
BRDA:85,10,1,6
BRDA:88,11,0,18
BRDA:88,11,1,1
BRDA:89,12,0,18
BRDA:89,12,1,6
BRDA:91,13,0,18
BRDA:91,13,1,17
BRF:28
BRH:28
end_of_record
TN:
SF:server\controllers\provinceController.js
FN:11,getProvinces
FN:26,(anonymous_1)
FN:38,(anonymous_2)
FNF:3
FNH:2
FNDA:9,getProvinces
FNDA:68,(anonymous_1)
FNDA:0,(anonymous_2)
DA:7,8
DA:8,8
DA:9,8
DA:12,9
DA:14,9
DA:16,9
DA:17,5
DA:18,5
DA:22,4
DA:23,4
DA:24,3
DA:25,2
DA:26,68
DA:33,2
DA:34,2
DA:35,2
DA:36,1
DA:37,0
DA:38,0
DA:45,2
DA:46,2
LF:21
LH:19
BRDA:16,0,0,5
BRDA:16,0,1,4
BRF:2
BRH:2
end_of_record
TN:
SF:server\controllers\searchController.js
FN:6,searchUnits
FNF:1
FNH:1
FNDA:22,searchUnits
DA:7,22
DA:8,22
DA:9,22
DA:11,22
DA:12,22
DA:13,22
DA:15,22
DA:16,21
DA:18,1
DA:19,1
LF:10
LH:10
BRDA:11,0,0,13
BRDA:11,0,1,9
BRDA:12,1,0,5
BRDA:12,1,1,17
BRDA:13,2,0,1
BRDA:13,2,1,21
BRF:6
BRH:6
end_of_record
TN:
SF:server\controllers\treeController.js
FN:7,getTree
FNF:1
FNH:1
FNDA:16,getTree
DA:8,16
DA:9,16
DA:10,14
DA:13,56
DA:14,14
DA:16,14
DA:17,56
DA:18,38
DA:19,18
DA:20,15
DA:24,14
DA:26,2
DA:27,2
LF:13
LH:13
BRDA:17,0,0,38
BRDA:17,0,1,18
BRDA:17,1,0,56
BRDA:17,1,1,40
BRDA:19,2,0,15
BRDA:19,2,1,3
BRF:6
BRH:6
end_of_record
TN:
SF:server\controllers\unitController.js
FN:9,readJSON
FN:19,writeJSON
FN:28,createUnit
FN:98,(anonymous_3)
FN:99,(anonymous_4)
FN:100,(anonymous_5)
FN:121,(anonymous_6)
FN:185,updateUnit
FN:223,(anonymous_8)
FN:260,deleteUnit
FN:288,(anonymous_10)
FN:294,(anonymous_11)
FN:329,getHistory
FN:343,restoreFromHistory
FN:364,(anonymous_14)
FN:370,(anonymous_15)
FN:377,(anonymous_16)
FN:410,getUnitById
FN:421,(anonymous_18)
FN:423,(anonymous_19)
FN:424,(anonymous_20)
FNF:21
FNH:12
FNDA:14,readJSON
FNDA:0,writeJSON
FNDA:17,createUnit
FNDA:0,(anonymous_3)
FNDA:0,(anonymous_4)
FNDA:0,(anonymous_5)
FNDA:0,(anonymous_6)
FNDA:5,updateUnit
FNDA:0,(anonymous_8)
FNDA:4,deleteUnit
FNDA:0,(anonymous_10)
FNDA:0,(anonymous_11)
FNDA:17,getHistory
FNDA:16,restoreFromHistory
FNDA:170,(anonymous_14)
FNDA:69,(anonymous_15)
FNDA:0,(anonymous_16)
FNDA:6,getUnitById
FNDA:70,(anonymous_18)
FNDA:69,(anonymous_19)
FNDA:6642,(anonymous_20)
DA:6,8
DA:10,14
DA:11,14
DA:13,1
DA:14,1
DA:20,0
DA:21,0
DA:23,0
DA:29,17
DA:41,17
DA:43,17
DA:44,6
DA:47,11
DA:49,11
DA:50,11
DA:51,1
DA:55,10
DA:56,4
DA:59,4
DA:60,1
DA:65,9
DA:81,9
DA:89,9
DA:90,9
DA:94,0
DA:98,0
DA:100,0
DA:102,0
DA:103,0
DA:106,0
DA:107,0
DA:108,0
DA:118,0
DA:119,0
DA:121,0
DA:122,0
DA:123,0
DA:125,0
DA:126,0
DA:137,0
DA:140,0
DA:141,0
DA:144,0
DA:145,0
DA:146,0
DA:151,0
DA:166,0
DA:174,0
DA:179,0
DA:180,0
DA:186,5
DA:187,5
DA:188,5
DA:191,5
DA:192,5
DA:193,5
DA:194,2
DA:197,3
DA:203,2
DA:211,2
DA:212,2
DA:215,0
DA:217,0
DA:218,0
DA:219,0
DA:220,0
DA:221,0
DA:223,0
DA:224,0
DA:225,0
DA:226,0
DA:230,0
DA:231,0
DA:233,0
DA:234,0
DA:235,0
DA:236,0
DA:239,0
DA:244,0
DA:252,0
DA:254,1
DA:255,1
DA:261,4
DA:262,4
DA:265,4
DA:266,4
DA:267,4
DA:268,1
DA:271,3
DA:273,3
DA:281,3
DA:282,3
DA:285,0
DA:286,0
DA:288,0
DA:289,0
DA:290,0
DA:291,0
DA:293,0
DA:294,0
DA:295,0
DA:296,0
DA:297,0
DA:299,0
DA:302,0
DA:305,0
DA:306,0
DA:308,0
DA:309,0
DA:311,0
DA:313,0
DA:321,0
DA:323,0
DA:324,0
DA:330,17
DA:331,17
DA:332,17
DA:333,15
DA:334,5
DA:335,10
DA:337,2
DA:338,2
DA:344,16
DA:345,16
DA:346,16
DA:348,16
DA:353,15
DA:354,3
DA:356,12
DA:357,12
DA:358,1
DA:360,11
DA:361,11
DA:363,11
DA:364,170
DA:365,6
DA:366,6
DA:367,6
DA:368,5
DA:369,2
DA:371,69
DA:374,2
DA:375,1
DA:376,1
DA:377,0
DA:379,1
DA:380,1
DA:381,1
DA:385,11
DA:386,11
DA:387,0
DA:390,11
DA:392,9
DA:400,9
DA:405,3
DA:406,3
DA:411,6
DA:412,6
DA:415,6
DA:416,5
DA:419,3
DA:421,70
DA:423,69
DA:424,6642
DA:426,3
DA:427,2
DA:429,1
DA:431,1
DA:432,1
LF:169
LH:97
BRDA:43,0,0,6
BRDA:43,0,1,11
BRDA:43,1,0,17
BRDA:43,1,1,16
BRDA:43,1,2,12
BRDA:47,2,0,11
BRDA:47,2,1,0
BRDA:50,3,0,1
BRDA:50,3,1,10
BRDA:55,4,0,4
BRDA:55,4,1,6
BRDA:59,5,0,1
BRDA:59,5,1,3
BRDA:98,6,0,0
BRDA:98,6,1,0
BRDA:100,7,0,0
BRDA:100,7,1,0
BRDA:102,8,0,0
BRDA:102,8,1,0
BRDA:107,9,0,0
BRDA:107,9,1,0
BRDA:111,10,0,0
BRDA:111,10,1,0
BRDA:112,11,0,0
BRDA:112,11,1,0
BRDA:113,12,0,0
BRDA:113,12,1,0
BRDA:119,13,0,0
BRDA:119,13,1,0
BRDA:121,14,0,0
BRDA:121,14,1,0
BRDA:122,15,0,0
BRDA:122,15,1,0
BRDA:125,16,0,0
BRDA:125,16,1,0
BRDA:129,17,0,0
BRDA:129,17,1,0
BRDA:130,18,0,0
BRDA:130,18,1,0
BRDA:133,19,0,0
BRDA:133,19,1,0
BRDA:140,20,0,0
BRDA:140,20,1,0
BRDA:144,21,0,0
BRDA:144,21,1,0
BRDA:145,22,0,0
BRDA:145,22,1,0
BRDA:155,23,0,0
BRDA:155,23,1,0
BRDA:156,24,0,0
BRDA:156,24,1,0
BRDA:191,25,0,5
BRDA:191,25,1,0
BRDA:193,26,0,2
BRDA:193,26,1,3
BRDA:219,27,0,0
BRDA:219,27,1,0
BRDA:224,28,0,0
BRDA:224,28,1,0
BRDA:230,29,0,0
BRDA:230,29,1,0
BRDA:235,30,0,0
BRDA:235,30,1,0
BRDA:265,31,0,4
BRDA:265,31,1,0
BRDA:267,32,0,1
BRDA:267,32,1,3
BRDA:289,33,0,0
BRDA:289,33,1,0
BRDA:293,34,0,0
BRDA:293,34,1,0
BRDA:295,35,0,0
BRDA:295,35,1,0
BRDA:305,36,0,0
BRDA:305,36,1,0
BRDA:308,37,0,0
BRDA:308,37,1,0
BRDA:333,38,0,5
BRDA:333,38,1,10
BRDA:350,39,0,3
BRDA:350,39,1,13
BRDA:353,40,0,3
BRDA:353,40,1,12
BRDA:356,41,0,12
BRDA:356,41,1,4
BRDA:357,42,0,1
BRDA:357,42,1,11
BRDA:363,43,0,6
BRDA:363,43,1,5
BRDA:365,44,0,0
BRDA:365,44,1,6
BRDA:368,45,0,2
BRDA:368,45,1,3
BRDA:371,46,0,69
BRDA:371,46,1,68
BRDA:374,47,0,1
BRDA:374,47,1,1
BRDA:375,48,0,1
BRDA:375,48,1,0
BRDA:379,49,0,0
BRDA:379,49,1,1
BRDA:385,50,0,4
BRDA:385,50,1,7
BRDA:386,51,0,0
BRDA:386,51,1,11
BRDA:416,52,0,2
BRDA:416,52,1,3
BRDA:421,53,0,3
BRDA:421,53,1,2
BRDA:423,54,0,69
BRDA:423,54,1,0
BRDA:426,55,0,2
BRDA:426,55,1,1
BRF:113
BRH:49
end_of_record
TN:
SF:server\middleware\errorHandler.js
FN:10,(anonymous_0)
FN:24,(anonymous_1)
FNF:2
FNH:0
FNDA:0,(anonymous_0)
FNDA:0,(anonymous_1)
DA:10,8
DA:11,0
DA:18,8
DA:24,8
DA:26,0
DA:29,0
DA:30,0
DA:33,0
DA:34,0
DA:35,0
DA:36,0
DA:37,0
DA:38,0
DA:39,0
DA:40,0
DA:41,0
DA:42,0
DA:43,0
DA:44,0
DA:45,0
DA:46,0
DA:47,0
DA:48,0
DA:49,0
DA:50,0
DA:51,0
DA:52,0
DA:53,0
DA:54,0
DA:55,0
DA:56,0
DA:57,0
DA:58,0
DA:59,0
DA:60,0
DA:61,0
DA:62,0
DA:63,0
DA:64,0
DA:65,0
DA:69,0
DA:70,0
DA:71,0
DA:72,0
DA:73,0
DA:74,0
DA:75,0
DA:76,0
DA:77,0
DA:78,0
DA:79,0
DA:80,0
DA:84,0
DA:94,8
LF:54
LH:4
BRDA:33,0,0,0
BRDA:33,0,1,0
BRDA:36,1,0,0
BRDA:36,1,1,0
BRDA:39,2,0,0
BRDA:39,2,1,0
BRDA:39,3,0,0
BRDA:39,3,1,0
BRDA:42,4,0,0
BRDA:42,4,1,0
BRDA:45,5,0,0
BRDA:45,5,1,0
BRDA:48,6,0,0
BRDA:48,6,1,0
BRDA:51,7,0,0
BRDA:51,7,1,0
BRDA:54,8,0,0
BRDA:54,8,1,0
BRDA:57,9,0,0
BRDA:57,9,1,0
BRDA:60,10,0,0
BRDA:60,10,1,0
BRDA:63,11,0,0
BRDA:63,11,1,0
BRDA:69,12,0,0
BRDA:69,12,1,0
BRDA:69,13,0,0
BRDA:69,13,1,0
BRDA:72,14,0,0
BRDA:72,14,1,0
BRDA:75,15,0,0
BRDA:75,15,1,0
BRDA:78,16,0,0
BRDA:78,16,1,0
BRDA:78,17,0,0
BRDA:78,17,1,0
BRDA:86,18,0,0
BRDA:86,18,1,0
BRF:38
BRH:0
end_of_record
TN:
SF:server\models\Unit.js
FNF:0
FNH:0
DA:3,8
LF:1
LH:1
BRF:0
BRH:0
end_of_record
TN:
SF:server\models\UnitHistory.js
FNF:0
FNH:0
DA:3,8
DA:56,8
LF:2
LH:2
BRF:0
BRH:0
end_of_record
TN:
SF:server\routes\communes.js
FNF:0
FNH:0
DA:4,8
DA:7,8
DA:10,8
DA:13,8
DA:16,8
DA:19,8
DA:22,8
DA:25,8
DA:28,8
DA:31,8
DA:34,8
LF:11
LH:11
BRF:0
BRH:0
end_of_record
TN:
SF:server\routes\convert.js
FN:10,(anonymous_0)
FNF:1
FNH:1
FNDA:1,(anonymous_0)
DA:4,8
DA:7,8
DA:10,8
DA:11,1
LF:4
LH:4
BRF:0
BRH:0
end_of_record
TN:
SF:server\routes\provinces.js
FNF:0
FNH:0
DA:4,8
DA:5,8
LF:2
LH:2
BRF:0
BRH:0
end_of_record
TN:
SF:server\routes\search.js
FNF:0
FNH:0
DA:4,8
DA:5,8
LF:2
LH:2
BRF:0
BRH:0
end_of_record
TN:
SF:server\routes\tree.js
FNF:0
FNH:0
DA:4,8
DA:5,8
LF:2
LH:2
BRF:0
BRH:0
end_of_record
TN:
SF:server\routes\units.js
FN:18,(anonymous_0)
FNF:1
FNH:1
FNDA:4,(anonymous_0)
DA:11,8
DA:18,8
DA:19,4
DA:20,4
DA:21,4
DA:22,3
DA:24,1
DA:25,1
DA:34,8
DA:41,8
DA:48,8
DA:55,8
DA:62,8
DA:69,8
LF:14
LH:14
BRF:0
BRH:0
end_of_record
TN:
SF:server\utils\db.js
FN:8,connectDB
FNF:1
FNH:1
FNDA:8,connectDB
DA:6,8
DA:9,8
DA:11,8
DA:12,0
DA:13,0
DA:16,8
DA:17,8
DA:18,8
DA:20,0
DA:21,0
LF:10
LH:6
BRDA:11,0,0,0
BRDA:11,0,1,8
BRF:2
BRH:1
end_of_record
